<?xml version="1.0" encoding="utf-8"?>
<testsuites>
	<testcase name="het AquaFlask-profiel bewaart de bevestigde product- en incidentfeiten" time="0.001458" classname="test" file="C:\Users\donov\.codex\worktrees\22c9\Atlas\website\tests\atlas-aquaflask-profile.test.mjs"/>
	<testcase name="de aanbeveling vraagt om bewijs en kiest nog geen oplossing" time="0.001427" classname="test" file="C:\Users\donov\.codex\worktrees\22c9\Atlas\website\tests\atlas-aquaflask-profile.test.mjs"/>
	<testcase name="onbekende merk- en incidentinformatie blijft expliciet onbekend" time="0.000204" classname="test" file="C:\Users\donov\.codex\worktrees\22c9\Atlas\website\tests\atlas-aquaflask-profile.test.mjs"/>
	<testcase name="het Kompas gebruikt zonder dagfocus uitsluitend het bevestigde Case 0001-beeld" time="0.001135" classname="test" file="C:\Users\donov\.codex\worktrees\22c9\Atlas\website\tests\atlas-case-guidance.test.mjs"/>
	<testcase name="de actuele Candidate geeft dezelfde neutrale veiligheidsgrens" time="0.000302" classname="test" file="C:\Users\donov\.codex\worktrees\22c9\Atlas\website\tests\atlas-case-guidance.test.mjs"/>
	<testcase name="een ontbrekend bevestigd casebeeld geeft geen oude inhoudelijke fallback" time="0.000194" classname="test" file="C:\Users\donov\.codex\worktrees\22c9\Atlas\website\tests\atlas-case-guidance.test.mjs"/>
	<testcase name="bevestigde dagfocus en concrete AquaFlask-stappen blijven onveranderd voorgaan" time="0.000171" classname="test" file="C:\Users\donov\.codex\worktrees\22c9\Atlas\website\tests\atlas-case-guidance.test.mjs"/>
	<testcase name="de actuele Case 0001 Candidate blijft buiten de Workspace" time="0.003768" classname="test" file="C:\Users\donov\.codex\worktrees\22c9\Atlas\website\tests\atlas-case-snapshot.test.mjs"/>
	<testcase name="dezelfde revision kan uitsluitend na expliciete bevestigingsmetadata laden" time="0.000770" classname="test" file="C:\Users\donov\.codex\worktrees\22c9\Atlas\website\tests\atlas-case-snapshot.test.mjs"/>
	<testcase name="ontbrekende, kapotte en ongeldige snapshots vallen niet terug op oude inhoud" time="0.000400" classname="test" file="C:\Users\donov\.codex\worktrees\22c9\Atlas\website\tests\atlas-case-snapshot.test.mjs"/>
	<testcase name="alleen een Confirmed revision mag de Workspace voeden" time="0.002331" classname="test" file="C:\Users\donov\.codex\worktrees\22c9\Atlas\website\tests\atlas-case-snapshot.test.mjs"/>
	<testcase name="een Candidate met bevestigingsmetadata wordt als inconsistent geweigerd" time="0.000782" classname="test" file="C:\Users\donov\.codex\worktrees\22c9\Atlas\website\tests\atlas-case-snapshot.test.mjs"/>
	<testcase name="een onbekende schema-versie en ontbrekende bron worden geweigerd" time="0.000727" classname="test" file="C:\Users\donov\.codex\worktrees\22c9\Atlas\website\tests\atlas-case-snapshot.test.mjs"/>
	<testcase name="a second identical sync is order-independent and creates no duplicate changes" time="0.020702" classname="test" file="C:\Users\donov\.codex\worktrees\22c9\Atlas\website\tests\atlas-connectors.test.mjs"/>
	<testcase name="snapshot diff distinguishes new, changed and removed source records" time="0.002502" classname="test" file="C:\Users\donov\.codex\worktrees\22c9\Atlas\website\tests\atlas-connectors.test.mjs"/>
	<testcase name="a record that returns after removal creates a new lineage event" time="0.001714" classname="test" file="C:\Users\donov\.codex\worktrees\22c9\Atlas\website\tests\atlas-connectors.test.mjs"/>
	<testcase name="an incomplete snapshot cannot turn absence into removal" time="0.001897" classname="test" file="C:\Users\donov\.codex\worktrees\22c9\Atlas\website\tests\atlas-connectors.test.mjs"/>
	<testcase name="a temporary source failure retries and can recover" time="0.002154" classname="test" file="C:\Users\donov\.codex\worktrees\22c9\Atlas\website\tests\atlas-connectors.test.mjs"/>
	<testcase name="an unavailable authorization is visible and does not read the source" time="0.000425" classname="test" file="C:\Users\donov\.codex\worktrees\22c9\Atlas\website\tests\atlas-connectors.test.mjs"/>
	<testcase name="a failed refresh preserves the last successful source state" time="0.000968" classname="test" file="C:\Users\donov\.codex\worktrees\22c9\Atlas\website\tests\atlas-connectors.test.mjs"/>
	<testcase name="an active run is persisted before source I/O and cleared on success" time="0.000715" classname="test" file="C:\Users\donov\.codex\worktrees\22c9\Atlas\website\tests\atlas-connectors.test.mjs"/>
	<testcase name="a previous unterminated run remains visible in synchronization history" time="0.001728" classname="test" file="C:\Users\donov\.codex\worktrees\22c9\Atlas\website\tests\atlas-connectors.test.mjs"/>
	<testcase name="translation is idempotent per version and changes identity when translator changes" time="0.001894" classname="test" file="C:\Users\donov\.codex\worktrees\22c9\Atlas\website\tests\atlas-connectors.test.mjs"/>
	<testcase name="state from another context is rejected before synchronization" time="0.000632" classname="test" file="C:\Users\donov\.codex\worktrees\22c9\Atlas\website\tests\atlas-connectors.test.mjs"/>
	<testcase name="fleet health can be aggregated without connector-specific exceptions" time="0.000951" classname="test" file="C:\Users\donov\.codex\worktrees\22c9\Atlas\website\tests\atlas-connectors.test.mjs"/>
	<testcase name="the file store replaces state without an observable delete gap" time="0.019880" classname="test" file="C:\Users\donov\.codex\worktrees\22c9\Atlas\website\tests\atlas-connectors.test.mjs"/>
	<testcase name="the sitemap adapter separates raw retrieval from normalization" time="0.028985" classname="test" file="C:\Users\donov\.codex\worktrees\22c9\Atlas\website\tests\atlas-connectors.test.mjs"/>
	<testcase name="Atlas opent direct binnen de gedeelde Workspace-shell" time="0.007395" classname="test" file="C:\Users\donov\.codex\worktrees\22c9\Atlas\website\tests\atlas-daily-shell.test.mjs"/>
	<testcase name="Focus draagt de dagelijkse hoofdconclusie en Stilte blijft ondersteunend" time="0.001480" classname="test" file="C:\Users\donov\.codex\worktrees\22c9\Atlas\website\tests\atlas-daily-shell.test.mjs"/>
	<testcase name="de opening herhaalt geen oude hero-uitleg of tweede overgangskop" time="0.001599" classname="test" file="C:\Users\donov\.codex\worktrees\22c9\Atlas\website\tests\atlas-daily-shell.test.mjs"/>
	<testcase name="de compacte shell schaalt zonder schermvullende hero" time="0.002088" classname="test" file="C:\Users\donov\.codex\worktrees\22c9\Atlas\website\tests\atlas-daily-shell.test.mjs"/>
	<testcase name="UXA-06 verandert de goedgekeurde Atlas-informatiearchitectuur niet" time="0.001176" classname="test" file="C:\Users\donov\.codex\worktrees\22c9\Atlas\website\tests\atlas-daily-shell.test.mjs"/>
	<testcase name="de leveringsreview scheidt live realisatie van formele acceptatie" time="0.000982" classname="test" file="C:\Users\donov\.codex\worktrees\22c9\Atlas\website\tests\atlas-delivery-review.test.mjs"/>
	<testcase name="de review geeft een betrouwbare terugkoppeling zonder fictieve einddatum" time="0.000635" classname="test" file="C:\Users\donov\.codex\worktrees\22c9\Atlas\website\tests\atlas-delivery-review.test.mjs"/>
	<testcase name="de eerste scopebron is bevestigd zonder acceptatie te veronderstellen" time="0.000225" classname="test" file="C:\Users\donov\.codex\worktrees\22c9\Atlas\website\tests\atlas-delivery-review.test.mjs"/>
	<testcase name="ieder genoemd scopeonderdeel scheidt vraag, live bewijs, open werk en acceptatie" time="0.000850" classname="test" file="C:\Users\donov\.codex\worktrees\22c9\Atlas\website\tests\atlas-delivery-review.test.mjs"/>
	<testcase name="de review blijft buiten case-identiteit en gevoelige lokale gegevens" time="0.000271" classname="test" file="C:\Users\donov\.codex\worktrees\22c9\Atlas\website\tests\atlas-delivery-review.test.mjs"/>
	<testcase name="Atlas volgt de goedgekeurde primaire mentale kaart met secundair Fundament" time="0.001618" classname="test" file="C:\Users\donov\.codex\worktrees\22c9\Atlas\website\tests\atlas-information-architecture.test.mjs"/>
	<testcase name="iedere Atlas-locatie houdt de juiste hoofdomgeving actief" time="0.000405" classname="test" file="C:\Users\donov\.codex\worktrees\22c9\Atlas\website\tests\atlas-information-architecture.test.mjs"/>
	<testcase name="Werkelijkheid ordent bevestigd beeld, review en bestaande praktijkbronnen" time="0.005640" classname="test" file="C:\Users\donov\.codex\worktrees\22c9\Atlas\website\tests\atlas-information-architecture.test.mjs"/>
	<testcase name="Werkruimte verwijst naar bestaande werkobjecten zonder een tweede kennisroute" time="0.001144" classname="test" file="C:\Users\donov\.codex\worktrees\22c9\Atlas\website\tests\atlas-information-architecture.test.mjs"/>
	<testcase name="Fundament is bereikbaar als lege secundaire plaats zonder UXA-07-inhoud" time="0.001488" classname="test" file="C:\Users\donov\.codex\worktrees\22c9\Atlas\website\tests\atlas-information-architecture.test.mjs"/>
	<testcase name="UXA-05 verplaatst bestaande secties en introduceert geen nieuwe Atlas-functie" time="0.001221" classname="test" file="C:\Users\donov\.codex\worktrees\22c9\Atlas\website\tests\atlas-information-architecture.test.mjs"/>
	<testcase name="de wachtrij bevat uitsluitend observaties die menselijke beoordeling nodig hebben" time="0.001987" classname="test" file="C:\Users\donov\.codex\worktrees\22c9\Atlas\website\tests\atlas-observation-review.test.mjs"/>
	<testcase name="de review ondersteunt uitsluitend de vijf bestaande menselijke uitkomsten" time="0.000188" classname="test" file="C:\Users\donov\.codex\worktrees\22c9\Atlas\website\tests\atlas-observation-review.test.mjs"/>
	<testcase name="beoordelaar en begrijpelijke motivering zijn voor iedere beslissing verplicht" time="0.000569" classname="test" file="C:\Users\donov\.codex\worktrees\22c9\Atlas\website\tests\atlas-observation-review.test.mjs"/>
	<testcase name="Case-toewijzing en parkering hebben hun eigen verplichte context" time="0.000227" classname="test" file="C:\Users\donov\.codex\worktrees\22c9\Atlas\website\tests\atlas-observation-review.test.mjs"/>
	<testcase name="voorbereiden, openen en annuleren muteren de observatiegegevens niet" time="0.001081" classname="test" file="C:\Users\donov\.codex\worktrees\22c9\Atlas\website\tests\atlas-observation-review.test.mjs"/>
	<testcase name="de bestaande Atlas-interface bevat detail, expliciete bevestiging en rustige toestanden" time="0.005319" classname="test" file="C:\Users\donov\.codex\worktrees\22c9\Atlas\website\tests\atlas-observation-review.test.mjs"/>
	<testcase name="de review blijft toetsenbord- en mobiel bruikbaar binnen de bestaande design tokens" time="0.001579" classname="test" file="C:\Users\donov\.codex\worktrees\22c9\Atlas\website\tests\atlas-observation-review.test.mjs"/>
	<testcase name="UXA-04 bouwt geen automatische Understanding- of kennisdoorstroming" time="0.001750" classname="test" file="C:\Users\donov\.codex\worktrees\22c9\Atlas\website\tests\atlas-observation-review.test.mjs"/>
	<testcase name="starts with one empty version 2 observation truth" time="0.001250" classname="test" file="C:\Users\donov\.codex\worktrees\22c9\Atlas\website\tests\atlas-observations.test.mjs"/>
	<testcase name="activates Waarnemen with a generic source and explicit ownership" time="0.001268" classname="test" file="C:\Users\donov\.codex\worktrees\22c9\Atlas\website\tests\atlas-observations.test.mjs"/>
	<testcase name="rejects incomplete ownership and an empty observation" time="0.000250" classname="test" file="C:\Users\donov\.codex\worktrees\22c9\Atlas\website\tests\atlas-observations.test.mjs"/>
	<testcase name="preserves existing Case 0001 observations as recognizable legacy context without making it canonical" time="0.000391" classname="test" file="C:\Users\donov\.codex\worktrees\22c9\Atlas\website\tests\atlas-observations.test.mjs"/>
	<testcase name="stores source, context, time, owner and history without automatic meaning" time="0.000348" classname="test" file="C:\Users\donov\.codex\worktrees\22c9\Atlas\website\tests\atlas-observations.test.mjs"/>
	<testcase name="keeps future supporting files inside their observation instead of a loose upload store" time="0.000873" classname="test" file="C:\Users\donov\.codex\worktrees\22c9\Atlas\website\tests\atlas-observations.test.mjs"/>
	<testcase name="defines exactly the approved human review outcomes" time="0.000120" classname="test" file="C:\Users\donov\.codex\worktrees\22c9\Atlas\website\tests\atlas-observations.test.mjs"/>
	<testcase name="applies every reviewed outcome only from the unreviewed state" time="0.000631" classname="test" file="C:\Users\donov\.codex\worktrees\22c9\Atlas\website\tests\atlas-observations.test.mjs"/>
	<testcase name="requires a human, rationale and return trigger for explainable transitions" time="0.000335" classname="test" file="C:\Users\donov\.codex\worktrees\22c9\Atlas\website\tests\atlas-observations.test.mjs"/>
	<testcase name="requires human assignment before a case relation exists" time="0.000259" classname="test" file="C:\Users\donov\.codex\worktrees\22c9\Atlas\website\tests\atlas-observations.test.mjs"/>
	<testcase name="never promotes an observation automatically to Understanding or Knowledge" time="0.000321" classname="test" file="C:\Users\donov\.codex\worktrees\22c9\Atlas\website\tests\atlas-observations.test.mjs"/>
	<testcase name="Bij Cees is een bevestigde, nog niet toegewezen Oriëntatie" time="0.000909" classname="test" file="C:\Users\donov\.codex\worktrees\22c9\Atlas\website\tests\atlas-orientations.test.mjs"/>
	<testcase name="de Oriëntatie introduceert geen case-, snapshot- of aandachtsidentiteit" time="0.000701" classname="test" file="C:\Users\donov\.codex\worktrees\22c9\Atlas\website\tests\atlas-orientations.test.mjs"/>
	<testcase name="de denklaag bewaart Vandaag, Nog beoordelen en Horizon als afzonderlijke aandacht" time="0.000754" classname="test" file="C:\Users\donov\.codex\worktrees\22c9\Atlas\website\tests\atlas-review-layer.test.mjs"/>
	<testcase name="de gevraagde praktijkitems zijn volledig en blijven onbevestigd waar nodig" time="0.001014" classname="test" file="C:\Users\donov\.codex\worktrees\22c9\Atlas\website\tests\atlas-review-layer.test.mjs"/>
	<testcase name="de actie voor vandaag komt rechtstreeks uit de bestaande Delivery Review" time="0.000182" classname="test" file="C:\Users\donov\.codex\worktrees\22c9\Atlas\website\tests\atlas-review-layer.test.mjs"/>
	<testcase name="de verkenning gebruikt We Build And Design als stem zonder merkbesluit" time="0.000115" classname="test" file="C:\Users\donov\.codex\worktrees\22c9\Atlas\website\tests\atlas-review-layer.test.mjs"/>
	<testcase name="de denklaag introduceert geen case-, focus- of automatische beslisidentiteit" time="0.000211" classname="test" file="C:\Users\donov\.codex\worktrees\22c9\Atlas\website\tests\atlas-review-layer.test.mjs"/>
	<testcase name="maakt uitsluitend nieuwe 6.0-sessies Runtime-gestuurd en behoudt 2.1–5.0" time="0.006935" classname="test" file="C:\Users\donov\.codex\worktrees\22c9\Atlas\website\tests\atlas-runtime-integration.test.mjs"/>
	<testcase name="committeert Field en Journal atomair met idempotentie en revisiebeveiliging" time="0.003936" classname="test" file="C:\Users\donov\.codex\worktrees\22c9\Atlas\website\tests\atlas-runtime-integration.test.mjs"/>
	<testcase name="houdt no-change, parkering en loslating gelijk in de TypeScript- en PHP-processor" time="0.002217" classname="test" file="C:\Users\donov\.codex\worktrees\22c9\Atlas\website\tests\atlas-runtime-integration.test.mjs"/>
	<testcase name="laat iedere zichtbare Runtime-beweging uit een traceerbare Decision ontstaan" time="0.001747" classname="test" file="C:\Users\donov\.codex\worktrees\22c9\Atlas\website\tests\atlas-runtime-integration.test.mjs"/>
	<testcase name="behoudt een lokaal Runtime-concept wanneer alleen sessiemetadata wordt ververst" time="0.047181" classname="test" file="C:\Users\donov\.codex\worktrees\22c9\Atlas\website\tests\atlas-runtime-integration.test.mjs"/>
	<testcase name="beëindigt de Runtime nooit door een vaste route en ondersteunt vrijwillig stoppen en hervatten" time="0.003406" classname="test" file="C:\Users\donov\.codex\worktrees\22c9\Atlas\website\tests\atlas-runtime-integration.test.mjs"/>
	<testcase name="initialiseert een begrensd onderzoek zonder vooraf ingevulde kennis" time="0.002048" classname="test" file="C:\Users\donov\.codex\worktrees\22c9\Atlas\website\tests\atlas-runtime.test.mjs"/>
	<testcase name="vormt na twee werkelijkheidscontacten een voorlopige hypothese en toetst een grens" time="0.002062" classname="test" file="C:\Users\donov\.codex\worktrees\22c9\Atlas\website\tests\atlas-runtime.test.mjs"/>
	<testcase name="laat een correctie de actieve hypothese werkelijk verzwakken" time="0.000359" classname="test" file="C:\Users\donov\.codex\worktrees\22c9\Atlas\website\tests\atlas-runtime.test.mjs"/>
	<testcase name="verlegt aandacht en parkeert een opbrengstloos spoor zonder dezelfde vraag te herhalen" time="0.000602" classname="test" file="C:\Users\donov\.codex\worktrees\22c9\Atlas\website\tests\atlas-runtime.test.mjs"/>
	<testcase name="laat een hypothese los na herhaalde expliciete correctie" time="0.000436" classname="test" file="C:\Users\donov\.codex\worktrees\22c9\Atlas\website\tests\atlas-runtime.test.mjs"/>
	<testcase name="blokkeert talige verdieping bij een mogelijk hoog-risicosignaal" time="0.000142" classname="test" file="C:\Users\donov\.codex\worktrees\22c9\Atlas\website\tests\atlas-runtime.test.mjs"/>
	<testcase name="weigert een transitie vanaf een verouderde revisie" time="0.000362" classname="test" file="C:\Users\donov\.codex\worktrees\22c9\Atlas\website\tests\atlas-runtime.test.mjs"/>
	<testcase name="hervat uitsluitend via een nieuwe gecommitteerde context-herijking" time="0.000483" classname="test" file="C:\Users\donov\.codex\worktrees\22c9\Atlas\website\tests\atlas-runtime.test.mjs"/>
	<testcase name="blijft na veel bijdragen onderzoek aanbieden en consolideert zonder automatisch einde" time="0.000695" classname="test" file="C:\Users\donov\.codex\worktrees\22c9\Atlas\website\tests\atlas-runtime.test.mjs"/>
	<testcase name="de onafgeronde Understanding-startdata importeert nog geen AquaFlask-profielkennis" time="0.001418" classname="test" file="C:\Users\donov\.codex\worktrees\22c9\Atlas\website\tests\atlas-understanding.test.mjs"/>
	<testcase name="Atlas vormt een begrensd oordeel voordat Understanding om organisatie vraagt" time="0.009114" classname="test" file="C:\Users\donov\.codex\worktrees\22c9\Atlas\website\tests\atlas-understanding.test.mjs"/>
	<testcase name="observaties en vragen kunnen expliciet aan elkaar worden gerelateerd" time="0.000365" classname="test" file="C:\Users\donov\.codex\worktrees\22c9\Atlas\website\tests\atlas-understanding.test.mjs"/>
	<testcase name="Understanding maakt niet langer een tweede zelfstandige observatiewaarheid" time="0.001673" classname="test" file="C:\Users\donov\.codex\worktrees\22c9\Atlas\website\tests\atlas-understanding.test.mjs"/>
	<testcase name="een menselijk beoordeelde observatie wordt als herleidbare bron aan Understanding toegewezen" time="0.001294" classname="test" file="C:\Users\donov\.codex\worktrees\22c9\Atlas\website\tests\atlas-understanding.test.mjs"/>
	<testcase name="een inzicht en betekenisvolle volgende stap blijven naar hun bronnen herleidbaar" time="0.000483" classname="test" file="C:\Users\donov\.codex\worktrees\22c9\Atlas\website\tests\atlas-understanding.test.mjs"/>
	<testcase name="herclassificatie bewaart de eerdere betekenis als revisie" time="0.000261" classname="test" file="C:\Users\donov\.codex\worktrees\22c9\Atlas\website\tests\atlas-understanding.test.mjs"/>
	<testcase name="opslag valideert het model en valt veilig terug bij beschadigde data" time="0.000460" classname="test" file="C:\Users\donov\.codex\worktrees\22c9\Atlas\website\tests\atlas-understanding.test.mjs"/>
	<testcase name="normalizer retains only the five approved head fields" time="0.003020" classname="test" file="C:\Users\donov\.codex\worktrees\22c9\Atlas\website\tests\atlas-wbd-live-observation.test.mjs"/>
	<testcase name="case A: unchanged snapshots stay silent" time="0.049507" classname="test" file="C:\Users\donov\.codex\worktrees\22c9\Atlas\website\tests\atlas-wbd-live-observation.test.mjs"/>
	<testcase name="case B: one meaningful change becomes one traceable attention item" time="0.005145" classname="test" file="C:\Users\donov\.codex\worktrees\22c9\Atlas\website\tests\atlas-wbd-live-observation.test.mjs"/>
	<testcase name="case C: a repeated changed snapshot does not duplicate attention" time="0.004807" classname="test" file="C:\Users\donov\.codex\worktrees\22c9\Atlas\website\tests\atlas-wbd-live-observation.test.mjs"/>
	<testcase name="case D: source failure preserves last good state and never becomes attention" time="0.001953" classname="test" file="C:\Users\donov\.codex\worktrees\22c9\Atlas\website\tests\atlas-wbd-live-observation.test.mjs"/>
	<testcase name="asset, body and whitespace churn produce no false positive" time="0.002777" classname="test" file="C:\Users\donov\.codex\worktrees\22c9\Atlas\website\tests\atlas-wbd-live-observation.test.mjs"/>
	<testcase name="invalid source data fails closed and Workspace exposure is read-only and quiet" time="0.002586" classname="test" file="C:\Users\donov\.codex\worktrees\22c9\Atlas\website\tests\atlas-wbd-live-observation.test.mjs"/>
	<testcase name="opent met branche en organisatie als enige verplichte contextvragen" time="0.003285" classname="test" file="C:\Users\donov\.codex\worktrees\22c9\Atlas\website\tests\context-first-experiment.test.mjs"/>
	<testcase name="accepteert uitsluitend de expliciet vastgelegde publieke bron" time="0.001084" classname="test" file="C:\Users\donov\.codex\worktrees\22c9\Atlas\website\tests\context-first-experiment.test.mjs"/>
	<testcase name="gaat zonder website of gecontroleerde bron verder vanuit branche en organisatie" time="0.001877" classname="test" file="C:\Users\donov\.codex\worktrees\22c9\Atlas\website\tests\context-first-experiment.test.mjs"/>
	<testcase name="scheidt deelnemerinput, publieke feiten, voorlopige interpretatie en onbekenden" time="0.001044" classname="test" file="C:\Users\donov\.codex\worktrees\22c9\Atlas\website\tests\context-first-experiment.test.mjs"/>
	<testcase name="leidt de eerste onderzoeksvraag aantoonbaar af van organisatiecontext en twee broncontacten" time="0.000296" classname="test" file="C:\Users\donov\.codex\worktrees\22c9\Atlas\website\tests\context-first-experiment.test.mjs"/>
	<testcase name="draagt context als Reality Contacts en herleidbare Journal-bewegingen" time="0.000366" classname="test" file="C:\Users\donov\.codex\worktrees\22c9\Atlas\website\tests\context-first-experiment.test.mjs"/>
	<testcase name="Route B is inhoudelijk specifieker dan de huidige algemene Route A" time="0.000346" classname="test" file="C:\Users\donov\.codex\worktrees\22c9\Atlas\website\tests\context-first-experiment.test.mjs"/>
	<testcase name="snapshot bevat reproduceerbaar bronbewijs in plaats van een impliciete live crawl" time="0.000274" classname="test" file="C:\Users\donov\.codex\worktrees\22c9\Atlas\website\tests\context-first-experiment.test.mjs"/>
	<testcase name="bouwt naar een aparte lokale output zonder Experience deploypakket of publieke entrypoint" time="0.002007" classname="test" file="C:\Users\donov\.codex\worktrees\22c9\Atlas\website\tests\context-first-experiment.test.mjs"/>
	<testcase name="onderzoekt gebeurtenis, oorzaak, intern gevolg en externe impact zonder antwoord voor te schrijven" time="0.003828" classname="test" file="C:\Users\donov\.codex\worktrees\22c9\Atlas\website\tests\experience-conversation-insight.test.mjs"/>
	<testcase name="geeft alleen bij voldoende antwoordbewijs een voorzichtig eerste inzicht" time="0.000741" classname="test" file="C:\Users\donov\.codex\worktrees\22c9\Atlas\website\tests\experience-conversation-insight.test.mjs"/>
	<testcase name="maakt herkenning en iedere vrijwillige verdieping herleidbaar naar eerdere woorden" time="0.005216" classname="test" file="C:\Users\donov\.codex\worktrees\22c9\Atlas\website\tests\experience-conversation-insight.test.mjs"/>
	<testcase name="legt herkenning en verdieping centraal, afzonderlijk en observeerbaar vast" time="0.002211" classname="test" file="C:\Users\donov\.codex\worktrees\22c9\Atlas\website\tests\experience-conversation-insight.test.mjs"/>
	<testcase name="maakt de werkwijze en mogelijke digitale oplossingen van We Build And Design concreet" time="0.001493" classname="test" file="C:\Users\donov\.codex\worktrees\22c9\Atlas\website\tests\experience-conversation-insight.test.mjs"/>
	<testcase name="beperkt de visuele verandering tot focus, tikgebieden, rustige overgang en leesbaarheid" time="0.001767" classname="test" file="C:\Users\donov\.codex\worktrees\22c9\Atlas\website\tests\experience-conversation-insight.test.mjs"/>
	<testcase name="zichtbare Experience-copy gebruikt uitnodiging niet langer als hoofdconcept" time="0.005656" classname="test" file="C:\Users\donov\.codex\worktrees\22c9\Atlas\website\tests\experience-copy.test.mjs"/>
	<testcase name="Observatory positioneert zichzelf als intern onderzoek, review en historie" time="0.002117" classname="test" file="C:\Users\donov\.codex\worktrees\22c9\Atlas\website\tests\experience-copy.test.mjs"/>
	<testcase name="tokenfouten behouden compatibiliteit met neutralere toegangstaal" time="0.002903" classname="test" file="C:\Users\donov\.codex\worktrees\22c9\Atlas\website\tests\experience-copy.test.mjs"/>
	<testcase name="/ervaar is de canonieke Experience-route" time="0.000908" classname="test" file="C:\Users\donov\.codex\worktrees\22c9\Atlas\website\tests\experience-entry.test.mjs"/>
	<testcase name="persoonlijke tokenroutes blijven herkenbaar" time="0.000203" classname="test" file="C:\Users\donov\.codex\worktrees\22c9\Atlas\website\tests\experience-entry.test.mjs"/>
	<testcase name="alleen /e/ zonder token en zonder geldige sessie verwijst naar /ervaar" time="0.000152" classname="test" file="C:\Users\donov\.codex\worktrees\22c9\Atlas\website\tests\experience-entry.test.mjs"/>
	<testcase name="/ervaar bewaart hervatten voor een bestaande organische sessie" time="0.004430" classname="test" file="C:\Users\donov\.codex\worktrees\22c9\Atlas\website\tests\experience-entry.test.mjs"/>
	<testcase name="kiest zonder AI een inhoudelijke vervolgvraag uit het eerste moment" time="0.002493" classname="test" file="C:\Users\donov\.codex\worktrees\22c9\Atlas\website\tests\experience-flow-recomposition.test.mjs"/>
	<testcase name="legt twee mogelijke richtingen voor zonder een betekenis vast te leggen" time="0.000476" classname="test" file="C:\Users\donov\.codex\worktrees\22c9\Atlas\website\tests\experience-flow-recomposition.test.mjs"/>
	<testcase name="behoudt 5.0 naast nieuwe Runtime-sessies en houdt 3.0 en 4.0 compatibel" time="0.003595" classname="test" file="C:\Users\donov\.codex\worktrees\22c9\Atlas\website\tests\experience-flow-recomposition.test.mjs"/>
	<testcase name="houdt tempo, eigenaarschap en veilig browser-terug zichtbaar in de interface" time="0.000928" classname="test" file="C:\Users\donov\.codex\worktrees\22c9\Atlas\website\tests\experience-flow-recomposition.test.mjs"/>
	<testcase name="maakt vertellen en verhelderen samen één volledige onderzoekslus" time="0.001976" classname="test" file="C:\Users\donov\.codex\worktrees\22c9\Atlas\website\tests\experience-living-research-loop.test.mjs"/>
	<testcase name="behoudt de vorige Living Research Loop voor bestaande 4.0-sessies" time="0.000303" classname="test" file="C:\Users\donov\.codex\worktrees\22c9\Atlas\website\tests\experience-living-research-loop.test.mjs"/>
	<testcase name="behoudt de vier bestaande Conversation &amp; Insight-momenten voor 3.0-sessies" time="0.000144" classname="test" file="C:\Users\donov\.codex\worktrees\22c9\Atlas\website\tests\experience-living-research-loop.test.mjs"/>
	<testcase name="geeft alleen een herleidbaar en voorzichtig verband terug" time="0.000644" classname="test" file="C:\Users\donov\.codex\worktrees\22c9\Atlas\website\tests\experience-living-research-loop.test.mjs"/>
	<testcase name="maakt herkomst, correctie, landing en stoppen zichtbaar zonder nieuw scherm" time="0.004721" classname="test" file="C:\Users\donov\.codex\worktrees\22c9\Atlas\website\tests\experience-living-research-loop.test.mjs"/>
	<testcase name="gebruikt de bestaande opslag en ondersteunt beide inzichtversies zonder migratie" time="0.001419" classname="test" file="C:\Users\donov\.codex\worktrees\22c9\Atlas\website\tests\experience-living-research-loop.test.mjs"/>
	<testcase name="verbetert alleen leesbaarheid, focus en rustige interactie" time="0.000876" classname="test" file="C:\Users\donov\.codex\worktrees\22c9\Atlas\website\tests\experience-living-research-loop.test.mjs"/>
	<testcase name="biedt één organische ingang zonder de persoonlijke uitnodigingsroute te vervangen" time="0.005614" classname="test" file="C:\Users\donov\.codex\worktrees\22c9\Atlas\website\tests\experience-organic-entry.test.mjs"/>
	<testcase name="maakt per organische deelnemer cryptografisch gescheiden centrale toegang" time="0.001891" classname="test" file="C:\Users\donov\.codex\worktrees\22c9\Atlas\website\tests\experience-organic-entry.test.mjs"/>
	<testcase name="registreert alleen niet-persoonlijke herkomst en betekenisvolle instroomgebeurtenissen" time="0.002530" classname="test" file="C:\Users\donov\.codex\worktrees\22c9\Atlas\website\tests\experience-organic-entry.test.mjs"/>
	<testcase name="houdt de publieke buildgrens en persoonlijke uitnodigingen intact" time="0.001729" classname="test" file="C:\Users\donov\.codex\worktrees\22c9\Atlas\website\tests\experience-organic-entry.test.mjs"/>
	<testcase name="bouwt één compacte onderzoekslus op zonder probleem- of technologiedwang" time="0.002492" classname="test" file="C:\Users\donov\.codex\worktrees\22c9\Atlas\website\tests\experience-program.test.mjs"/>
	<testcase name="ieder antwoord krijgt een eerlijke ontvangst en verklaarde overgang" time="0.000358" classname="test" file="C:\Users\donov\.codex\worktrees\22c9\Atlas\website\tests\experience-program.test.mjs"/>
	<testcase name="de spiegel brengt beide eigen bijdragen onvervormd en in volgorde terug" time="0.000529" classname="test" file="C:\Users\donov\.codex\worktrees\22c9\Atlas\website\tests\experience-program.test.mjs"/>
	<testcase name="borgt transparantie, keuzevrijheid en afwezigheid van formulierenclaims" time="0.004069" classname="test" file="C:\Users\donov\.codex\worktrees\22c9\Atlas\website\tests\experience-program.test.mjs"/>
	<testcase name="houdt de Experience-build strikt buiten de publieke entrypointgrens" time="0.005370" classname="test" file="C:\Users\donov\.codex\worktrees\22c9\Atlas\website\tests\experience-validation-environment.test.mjs"/>
	<testcase name="gebruikt gehashte toegangstokens, veilige cookies en server-side validatie" time="0.002697" classname="test" file="C:\Users\donov\.codex\worktrees\22c9\Atlas\website\tests\experience-validation-environment.test.mjs"/>
	<testcase name="registreert alleen betekenisvolle gebeurtenissen" time="0.001634" classname="test" file="C:\Users\donov\.codex\worktrees\22c9\Atlas\website\tests\experience-validation-environment.test.mjs"/>
	<testcase name="borgt noindex op HTML, robots en serverheaders" time="0.001043" classname="test" file="C:\Users\donov\.codex\worktrees\22c9\Atlas\website\tests\experience-validation-environment.test.mjs"/>
	<testcase name="scheidt deelnemerwoorden en interne observaties" time="0.000763" classname="test" file="C:\Users\donov\.codex\worktrees\22c9\Atlas\website\tests\experience-validation-environment.test.mjs"/>
	<testcase name="First Visit V2 gaat zonder website contextgebonden verder" time="0.001852" classname="test" file="C:\Users\donov\.codex\worktrees\22c9\Atlas\website\tests\fv2.test.mjs"/>
	<testcase name="een onbekende website wordt niet als publiek feit behandeld" time="0.000605" classname="test" file="C:\Users\donov\.codex\worktrees\22c9\Atlas\website\tests\fv2.test.mjs"/>
	<testcase name="een gecontroleerde website scheidt vier epistemische lagen" time="0.000965" classname="test" file="C:\Users\donov\.codex\worktrees\22c9\Atlas\website\tests\fv2.test.mjs"/>
	<testcase name="context blijft na een Runtime Improvement-transitie herleidbaar" time="0.001464" classname="test" file="C:\Users\donov\.codex\worktrees\22c9\Atlas\website\tests\fv2.test.mjs"/>
	<testcase name="Sportpaleis templates renderen rolgescheiden en HTML-escaped" time="0.069877" classname="test" file="C:\Users\donov\.codex\worktrees\22c9\Atlas\website\tests\mail-foundation-002.test.mjs"/>
	<testcase name="WBD definitieve factuurmail bevat gecontroleerde PDF-metadata en capturebestand" time="0.071633" classname="test" file="C:\Users\donov\.codex\worktrees\22c9\Atlas\website\tests\mail-foundation-002.test.mjs"/>
	<testcase name="ongeldige ontvangers, recipient injection en bulk worden geblokkeerd" time="0.026183" classname="test" file="C:\Users\donov\.codex\worktrees\22c9\Atlas\website\tests\mail-foundation-002.test.mjs"/>
	<testcase name="header injection via templatecontext wordt geblokkeerd" time="0.009251" classname="test" file="C:\Users\donov\.codex\worktrees\22c9\Atlas\website\tests\mail-foundation-002.test.mjs"/>
	<testcase name="server-side permissions en cross-organization toegang worden geweigerd" time="0.012848" classname="test" file="C:\Users\donov\.codex\worktrees\22c9\Atlas\website\tests\mail-foundation-002.test.mjs"/>
	<testcase name="idempotency voorkomt dubbele capture en detecteert payloadconflict" time="0.118358" classname="test" file="C:\Users\donov\.codex\worktrees\22c9\Atlas\website\tests\mail-foundation-002.test.mjs"/>
	<testcase name="failure, timeout en UNKNOWN_PARTIAL_SEND hebben veilige retrysemantiek" time="0.019620" classname="test" file="C:\Users\donov\.codex\worktrees\22c9\Atlas\website\tests\mail-foundation-002.test.mjs"/>
	<testcase name="bijlagebron, padtraversal en MIME-spoofing worden geblokkeerd" time="0.026643" classname="test" file="C:\Users\donov\.codex\worktrees\22c9\Atlas\website\tests\mail-foundation-002.test.mjs"/>
	<testcase name="secrets lekken niet naar preview, capture, history of events" time="0.018999" classname="test" file="C:\Users\donov\.codex\worktrees\22c9\Atlas\website\tests\mail-foundation-002.test.mjs"/>
	<testcase name="SMTP-adapter is contractueel aanwezig maar technisch hard uitgeschakeld" time="0.000904" classname="test" file="C:\Users\donov\.codex\worktrees\22c9\Atlas\website\tests\mail-foundation-002.test.mjs"/>
	<testcase name="CaptureTransport heeft geen netwerkpad en observability bevat alle uitkomsten" time="0.079737" classname="test" file="C:\Users\donov\.codex\worktrees\22c9\Atlas\website\tests\mail-foundation-002.test.mjs"/>
	<testcase name="rate limiting begrenst transactionele abuse" time="0.178976" classname="test" file="C:\Users\donov\.codex\worktrees\22c9\Atlas\website\tests\mail-foundation-002.test.mjs"/>
	<testcase name="organization summaries tonen vastgestelde providerconfig maar nooit credentials" time="0.006748" classname="test" file="C:\Users\donov\.codex\worktrees\22c9\Atlas\website\tests\mail-foundation-002.test.mjs"/>
	<testcase name="MailFoundationError levert alleen veilige foutvelden" time="0.000406" classname="test" file="C:\Users\donov\.codex\worktrees\22c9\Atlas\website\tests\mail-foundation-002.test.mjs"/>
	<testcase name="WBD adapter blokkeert concepten en levert de bestaande definitieve PDF server-side" time="0.001170" classname="test" file="C:\Users\donov\.codex\worktrees\22c9\Atlas\website\tests\mail-foundation-002.test.mjs" failure="Alleen een definitieve, vergrendelde factuur kan als bijlage worden voorbereid.">
		<failure type="testCodeFailure" message="Alleen een definitieve, vergrendelde factuur kan als bijlage worden voorbereid.">
[Error [ERR_TEST_FAILURE]: Alleen een definitieve, vergrendelde factuur kan als bijlage worden voorbereid.] {
  code: 'ERR_TEST_FAILURE',
  failureType: 'testCodeFailure',
  cause: Error: Alleen een definitieve, vergrendelde factuur kan als bijlage worden voorbereid.
      at assertFinalInvoiceMailEligible (file:///C:/Users/donov/.codex/worktrees/22c9/Atlas/website/scripts/wbd-invoice-development-api.mjs:316:11)
      at resolveFinalInvoiceMailAttachment (file:///C:/Users/donov/.codex/worktrees/22c9/Atlas/website/scripts/wbd-invoice-development-api.mjs:299:3)
      at async TestContext.&lt;anonymous> (file:///C:/Users/donov/.codex/worktrees/22c9/Atlas/website/tests/mail-foundation-002.test.mjs:205:20)
      at async Test.run (node:internal/test_runner/test:1332:7)
      at async Test.processPendingSubtests (node:internal/test_runner/test:911:7)
}
		</failure>
	</testcase>
	<testcase name="Sportpaleis orderadapter gebruikt bestaande sessies, rollen, ordercontext en gedeelde history" time="7.036282" classname="test" file="C:\Users\donov\.codex\worktrees\22c9\Atlas\website\tests\mail-foundation-002.test.mjs"/>
	<testcase name="server-side sender routing kiest info voor algemeen en facturen voor facturen" time="0.015712" classname="test" file="C:\Users\donov\.codex\worktrees\22c9\Atlas\website\tests\mail-foundation-003.test.mjs"/>
	<testcase name="controlled SMTP blijft dicht zonder exacte environment gate" time="0.037641" classname="test" file="C:\Users\donov\.codex\worktrees\22c9\Atlas\website\tests\mail-foundation-003.test.mjs"/>
	<testcase name="allowlist weigert wildcard, meerdere ontvangers en niet-allowlisted adressen" time="0.000996" classname="test" file="C:\Users\donov\.codex\worktrees\22c9\Atlas\website\tests\mail-foundation-003.test.mjs"/>
	<testcase name="controlled validationroute passeert de bestaande WBD middlewaregrens" time="0.003325" classname="test" file="C:\Users\donov\.codex\worktrees\22c9\Atlas\website\tests\mail-foundation-003.test.mjs"/>
	<testcase name="SMTP-adapter valideert TLS/auth/sender zonder maildata" time="0.003619" classname="test" file="C:\Users\donov\.codex\worktrees\22c9\Atlas\website\tests\mail-foundation-003.test.mjs"/>
	<testcase name="SMTP-adapter accepteert exact één allowlisted technische mail" time="0.004790" classname="test" file="C:\Users\donov\.codex\worktrees\22c9\Atlas\website\tests\mail-foundation-003.test.mjs"/>
	<testcase name="factuur-SMTP blijft geblokkeerd vóór algemene acceptatie en maximaal één test per type" time="0.007626" classname="test" file="C:\Users\donov\.codex\worktrees\22c9\Atlas\website\tests\mail-foundation-003.test.mjs"/>
	<testcase name="verbindingverlies na DATA wordt UNKNOWN_PARTIAL_SEND zonder retry" time="0.001073" classname="test" file="C:\Users\donov\.codex\worktrees\22c9\Atlas\website\tests\mail-foundation-003.test.mjs"/>
	<testcase name="ontbrekende credentials falen veilig en lekken geen secretvelden" time="0.000523" classname="test" file="C:\Users\donov\.codex\worktrees\22c9\Atlas\website\tests\mail-foundation-003.test.mjs"/>
	<testcase name="Sportpaleis blijft buiten controlled SMTP" time="0.000195" classname="test" file="C:\Users\donov\.codex\worktrees\22c9\Atlas\website\tests\mail-foundation-003.test.mjs"/>
	<testcase name="organization brand foundation bewaart de goedgekeurde WBD-config en assetstatus" time="0.002503" classname="test" file="C:\Users\donov\.codex\worktrees\22c9\Atlas\website\tests\mail-foundation-004b.test.mjs"/>
	<testcase name="mail-safe logo gebruikt de owner-approved CID-authority" time="0.009014" classname="test" file="C:\Users\donov\.codex\worktrees\22c9\Atlas\website\tests\mail-foundation-004b.test.mjs"/>
	<testcase name="generieke mailshell is client-safe, 600px en gebruikt alleen organisatiepalet" time="0.003372" classname="test" file="C:\Users\donov\.codex\worktrees\22c9\Atlas\website\tests\mail-foundation-004b.test.mjs"/>
	<testcase name="algemene mail behoudt sender policy, natuurlijke inhoud en Donovan-signatuur" time="0.003270" classname="test" file="C:\Users\donov\.codex\worktrees\22c9\Atlas\website\tests\mail-foundation-004b.test.mjs"/>
	<testcase name="factuurmail toont operationele feiten, geen CTA en ongewijzigde sender policy" time="0.002854" classname="test" file="C:\Users\donov\.codex\worktrees\22c9\Atlas\website\tests\mail-foundation-004b.test.mjs"/>
	<testcase name="contextinjectie wordt ge-escaped en onveilige action-URL's worden geweigerd" time="0.002984" classname="test" file="C:\Users\donov\.codex\worktrees\22c9\Atlas\website\tests\mail-foundation-004b.test.mjs"/>
	<testcase name="organization separation houdt WBD-branding uit Sportpaleis-mail" time="0.003538" classname="test" file="C:\Users\donov\.codex\worktrees\22c9\Atlas\website\tests\mail-foundation-004b.test.mjs"/>
	<testcase name="factuuradapter berekent betaaltermijn en vervaldatum zonder PDF-mutatie" time="0.005227" classname="test" file="C:\Users\donov\.codex\worktrees\22c9\Atlas\website\tests\mail-foundation-004b.test.mjs" failure="ENOENT: no such file or directory, open 'C:\Users\donov\.codex\worktrees\22c9\Atlas\invoices\wbd\data\sent\mail-foundation-003-review.json'">
		<failure type="testCodeFailure" message="ENOENT: no such file or directory, open 'C:\Users\donov\.codex\worktrees\22c9\Atlas\invoices\wbd\data\sent\mail-foundation-003-review.json'">
[Error [ERR_TEST_FAILURE]: ENOENT: no such file or directory, open 'C:\Users\donov\.codex\worktrees\22c9\Atlas\invoices\wbd\data\sent\mail-foundation-003-review.json'] {
  code: 'ERR_TEST_FAILURE',
  failureType: 'testCodeFailure',
  cause: Error: ENOENT: no such file or directory, open 'C:\Users\donov\.codex\worktrees\22c9\Atlas\invoices\wbd\data\sent\mail-foundation-003-review.json'
      at async open (node:internal/fs/promises:640:25)
      at async readFile (node:internal/fs/promises:1290:14)
      at async TestContext.&lt;anonymous> (file:///C:/Users/donov/.codex/worktrees/22c9/Atlas/website/tests/mail-foundation-004b.test.mjs:157:30)
      at async Test.run (node:internal/test_runner/test:1332:7)
      at async Test.processPendingSubtests (node:internal/test_runner/test:911:7) {
    errno: -4058,
    code: 'ENOENT',
    syscall: 'open',
    path: 'C:\\Users\\donov\\.codex\\worktrees\\22c9\\Atlas\\invoices\\wbd\\data\\sent\\mail-foundation-003-review.json'
  }
}
		</failure>
	</testcase>
	<testcase name="WBD corporate profile gebruikt uitsluitend dubbel bevestigde bedrijfsgegevens" time="0.002776" classname="test" file="C:\Users\donov\.codex\worktrees\22c9\Atlas\website\tests\mail-foundation-004c.test.mjs"/>
	<testcase name="algemene mail scheidt persoonlijke handtekening van gedeelde corporate footer" time="0.009520" classname="test" file="C:\Users\donov\.codex\worktrees\22c9\Atlas\website\tests\mail-foundation-004c.test.mjs"/>
	<testcase name="factuurmail behoudt kern en feitenblok en gebruikt dezelfde footerfamilie" time="0.003596" classname="test" file="C:\Users\donov\.codex\worktrees\22c9\Atlas\website\tests\mail-foundation-004c.test.mjs"/>
	<testcase name="plain text houdt persoonlijke afsluiting en corporate footer inhoudelijk gescheiden" time="0.006910" classname="test" file="C:\Users\donov\.codex\worktrees\22c9\Atlas\website\tests\mail-foundation-004c.test.mjs"/>
	<testcase name="ontbrekende optionele corporate velden verdwijnen veilig zonder UNKNOWN in echte mail" time="0.000548" classname="test" file="C:\Users\donov\.codex\worktrees\22c9\Atlas\website\tests\mail-foundation-004c.test.mjs"/>
	<testcase name="generieke footergenerator lekt geen WBD-data naar een andere organisatie" time="0.000360" classname="test" file="C:\Users\donov\.codex\worktrees\22c9\Atlas\website\tests\mail-foundation-004c.test.mjs"/>
	<testcase name="owner-approved logoauthority is gedeeld, faalt veilig terug en laat factuur-PDF hash-identiek" time="0.008850" classname="test" file="C:\Users\donov\.codex\worktrees\22c9\Atlas\website\tests\mail-foundation-004c.test.mjs" failure="ENOENT: no such file or directory, open 'C:\Users\donov\.codex\worktrees\22c9\Atlas\output\pdf\sent\mail-foundation-003-review.pdf'">
		<failure type="testCodeFailure" message="ENOENT: no such file or directory, open 'C:\Users\donov\.codex\worktrees\22c9\Atlas\output\pdf\sent\mail-foundation-003-review.pdf'">
[Error [ERR_TEST_FAILURE]: ENOENT: no such file or directory, open 'C:\Users\donov\.codex\worktrees\22c9\Atlas\output\pdf\sent\mail-foundation-003-review.pdf'] {
  code: 'ERR_TEST_FAILURE',
  failureType: 'testCodeFailure',
  cause: Error: ENOENT: no such file or directory, open 'C:\Users\donov\.codex\worktrees\22c9\Atlas\output\pdf\sent\mail-foundation-003-review.pdf'
      at async open (node:internal/fs/promises:640:25)
      at async readFile (node:internal/fs/promises:1290:14)
      at async TestContext.&lt;anonymous> (file:///C:/Users/donov/.codex/worktrees/22c9/Atlas/website/tests/mail-foundation-004c.test.mjs:156:46)
      at async Test.run (node:internal/test_runner/test:1332:7)
      at async Test.processPendingSubtests (node:internal/test_runner/test:911:7) {
    errno: -4058,
    code: 'ENOENT',
    syscall: 'open',
    path: 'C:\\Users\\donov\\.codex\\worktrees\\22c9\\Atlas\\output\\pdf\\sent\\mail-foundation-003-review.pdf'
  }
}
		</failure>
	</testcase>
	<testcase name="workspace-migratieversies zijn uniek en de domeinsplitsing volgt mailmigraties" time="0.005735" classname="test" file="C:\Users\donov\.codex\worktrees\22c9\Atlas\website\tests\production-migration-contract.test.mjs"/>
	<testcase name="Owner-domeinmigratie is additief en bewaart de legacybron" time="0.006055" classname="test" file="C:\Users\donov\.codex\worktrees\22c9\Atlas\website\tests\production-migration-contract.test.mjs"/>
	<testcase name="multi-statement domeinmigratie wordt veilig per statement uitgevoerd" time="0.002046" classname="test" file="C:\Users\donov\.codex\worktrees\22c9\Atlas\website\tests\production-migration-contract.test.mjs"/>
	<testcase name="SQL-splitter breekt niet op separators in strings, identifiers of comments" time="0.001962" classname="test" file="C:\Users\donov\.codex\worktrees\22c9\Atlas\website\tests\production-migration-contract.test.mjs"/>
	<testcase name="productieconfiguratie is fail-closed, DB-only en houdt secrets buiten logbare config" time="0.006755" classname="test" file="C:\Users\donov\.codex\worktrees\22c9\Atlas\website\tests\production-persistence.test.mjs"/>
	<testcase name="MariaDB startupdiagnose classificeert oorzaken zonder secrets of connection values" time="0.008949" classname="test" file="C:\Users\donov\.codex\worktrees\22c9\Atlas\website\tests\production-persistence.test.mjs"/>
	<testcase name="production startup controleert Atlas en Workspace vóór luisteren en valt niet terug op files" time="0.221971" classname="test" file="C:\Users\donov\.codex\worktrees\22c9\Atlas\website\tests\production-persistence.test.mjs"/>
	<testcase name="releasebuilder volgt de gecontroleerde production runtime-importgraph zonder tests of reviewdata" time="1.394751" classname="test" file="C:\Users\donov\.codex\worktrees\22c9\Atlas\website\tests\production-persistence.test.mjs"/>
	<testcase name="production package installeert alle gelockte runtime dependencies" time="0.055642" classname="test" file="C:\Users\donov\.codex\worktrees\22c9\Atlas\website\tests\production-persistence.test.mjs"/>
	<testcase name="productiebootstrap bevat alleen goedgekeurde referentieconfiguratie en nul accounts/orders" time="0.220283" classname="test" file="C:\Users\donov\.codex\worktrees\22c9\Atlas\website\tests\production-persistence.test.mjs"/>
	<testcase name="MariaDB-store initialiseert leeg, bewaart transacties en overleeft een store-restart" time="1.467663" classname="test" file="C:\Users\donov\.codex\worktrees\22c9\Atlas\website\tests\production-persistence.test.mjs"/>
	<testcase name="MariaDB-store hergebruikt gevalideerde state bij gelijke revision en invalideert veilig" time="1.485402" classname="test" file="C:\Users\donov\.codex\worktrees\22c9\Atlas\website\tests\production-persistence.test.mjs"/>
	<testcase name="MariaDB-store geeft authenticated reads één immutable snapshot zonder full-state clones per request" time="0.514678" classname="test" file="C:\Users\donov\.codex\worktrees\22c9\Atlas\website\tests\production-persistence.test.mjs"/>
	<testcase name="MariaDB-store coalescet gelijktijdige snapshotreads tot één revision-query" time="0.393607" classname="test" file="C:\Users\donov\.codex\worktrees\22c9\Atlas\website\tests\production-persistence.test.mjs"/>
	<testcase name="R2.26.41 22-MB envelope-stress houdt auth, previews en cache-invalidatie begrensd" time="12.479141" classname="test" file="C:\Users\donov\.codex\worktrees\22c9\Atlas\website\tests\production-persistence.test.mjs"/>
	<!-- {"stateBytes":24895563,"storedEnvelopeBytes":1040412,"bootstrapMaxBytes":1211243,"distinctPreviewRoutes":300,"requests":120,"routeP95Ms":194.1,"routeMaxMs":234.7,"maxEventLoopLagMs":1138.6,"queryHighWatermark":1,"connectionHighWatermark":1,"fullStateReads":1} -->
	<testcase name="MariaDB-store sluit expliciete no-op mutaties zonder revisionwrite af" time="0.860282" classname="test" file="C:\Users\donov\.codex\worktrees\22c9\Atlas\website\tests\production-persistence.test.mjs"/>
	<testcase name="MariaDB-store behoudt functionele fouten na rollback en vertaalt alleen echte DB-fouten" time="1.401117" classname="test" file="C:\Users\donov\.codex\worktrees\22c9\Atlas\website\tests\production-persistence.test.mjs"/>
	<testcase name="normale Bedrukken-validatie rolt volledig terug zonder ordernummer of gedeeltelijke order" time="2.752878" classname="test" file="C:\Users\donov\.codex\worktrees\22c9\Atlas\website\tests\production-persistence.test.mjs"/>
	<testcase name="API toont functionele 4xx ongewijzigd, maskeert echte 5xx en logt alleen veilige context" time="0.039184" classname="test" file="C:\Users\donov\.codex\worktrees\22c9\Atlas\website\tests\production-persistence.test.mjs"/>
	<testcase name="MariaDB-store registreert ontbrekende immutable productie-evidence exact eenmaal" time="1.625406" classname="test" file="C:\Users\donov\.codex\worktrees\22c9\Atlas\website\tests\production-persistence.test.mjs"/>
	<testcase name="production Mail Foundation legt ontvangst netwerkloos en restart-bestendig vast in Workspace MariaDB" time="8.938503" classname="test" file="C:\Users\donov\.codex\worktrees\22c9\Atlas\website\tests\production-persistence.test.mjs"/>
	<testcase name="letterlijke initialen blijven persistent zonder formuliergedreven naamopbouw" time="4.207551" classname="test" file="C:\Users\donov\.codex\worktrees\22c9\Atlas\website\tests\production-persistence.test.mjs"/>
	<testcase name="gebruikt in de Workspace-shell dezelfde W / BD-logo-opbouw als de publieke website" time="0.007732" classname="test" file="C:\Users\donov\.codex\worktrees\22c9\Atlas\website\tests\project-001c-workspace-consistency.test.mjs"/>
	<testcase name="bereidt aandacht in de navigatie semantisch voor zonder actieve badges" time="0.002030" classname="test" file="C:\Users\donov\.codex\worktrees\22c9\Atlas\website\tests\project-001c-workspace-consistency.test.mjs"/>
	<testcase name="geeft alle Experience-dialogen een toegankelijke naam" time="0.003320" classname="test" file="C:\Users\donov\.codex\worktrees\22c9\Atlas\website\tests\project-001c-workspace-consistency.test.mjs"/>
	<testcase name="gebruikt uitsluitend het compacte officiële WBD-favicon op iedere entrypoint" time="0.010077" classname="test" file="C:\Users\donov\.codex\worktrees\22c9\Atlas\website\tests\project-001d-release-blockers.test.mjs"/>
	<testcase name="geeft uitsluitend de twee afgeleide Understanding-velden een bestaande toegankelijke naam" time="0.003482" classname="test" file="C:\Users\donov\.codex\worktrees\22c9\Atlas\website\tests\project-001d-release-blockers.test.mjs"/>
	<testcase name="maakt ervaar ook in bronmetadata en het deploypakket de canonieke Experience-ingang" time="0.001987" classname="test" file="C:\Users\donov\.codex\worktrees\22c9\Atlas\website\tests\project-001d-release-blockers.test.mjs"/>
	<testcase name="routeert de Workspace-selector naar een interne Experience Workspace" time="0.002279" classname="test" file="C:\Users\donov\.codex\worktrees\22c9\Atlas\website\tests\project-001d-release-blockers.test.mjs"/>
	<testcase name="leest bestaande Experience-gegevens zonder een tweede opslag- of reviewmodel" time="0.001556" classname="test" file="C:\Users\donov\.codex\worktrees\22c9\Atlas\website\tests\project-001d-release-blockers.test.mjs"/>
	<testcase name="neemt de juridische basis op in routes, footer en sitemap" time="0.006460" classname="test" file="C:\Users\donov\.codex\worktrees\22c9\Atlas\website\tests\public-release.test.mjs"/>
	<testcase name="borgt de releasewaardige hostinggrens" time="0.001423" classname="test" file="C:\Users\donov\.codex\worktrees\22c9\Atlas\website\tests\public-release.test.mjs"/>
	<testcase name="accepteert uitsluitend een publieke entry en publieke assets" time="0.015665" classname="test" file="C:\Users\donov\.codex\worktrees\22c9\Atlas\website\tests\public-release.test.mjs"/>
	<testcase name="kopieert alleen expliciet toegestane publieke statics" time="0.024697" classname="test" file="C:\Users\donov\.codex\worktrees\22c9\Atlas\website\tests\public-release.test.mjs"/>
	<testcase name="weigert organization- en provenance-assets ook wanneer code ernaar verwijst" time="0.013697" classname="test" file="C:\Users\donov\.codex\worktrees\22c9\Atlas\website\tests\public-release.test.mjs"/>
	<testcase name="accepteert expliciet geïmporteerde geschoonde publieke caseassets" time="0.011379" classname="test" file="C:\Users\donov\.codex\worktrees\22c9\Atlas\website\tests\public-release.test.mjs"/>
	<testcase name="accepteert een publieke 404 en gescande hostingconfiguratie" time="0.012341" classname="test" file="C:\Users\donov\.codex\worktrees\22c9\Atlas\website\tests\public-release.test.mjs"/>
	<testcase name="weigert interne inhoud in een publiek script" time="0.008309" classname="test" file="C:\Users\donov\.codex\worktrees\22c9\Atlas\website\tests\public-release.test.mjs"/>
	<testcase name="weigert onzichtbare Waarnemen-context in publieke HTML" time="0.007529" classname="test" file="C:\Users\donov\.codex\worktrees\22c9\Atlas\website\tests\public-release.test.mjs"/>
	<testcase name="weigert een interne Oriëntatie in de publieke build" time="0.008424" classname="test" file="C:\Users\donov\.codex\worktrees\22c9\Atlas\website\tests\public-release.test.mjs"/>
	<testcase name="weigert een intern leveringsbeeld als publiek artefact" time="0.008457" classname="test" file="C:\Users\donov\.codex\worktrees\22c9\Atlas\website\tests\public-release.test.mjs"/>
	<testcase name="weigert interne entrypoints en chunknamen" time="0.012563" classname="test" file="C:\Users\donov\.codex\worktrees\22c9\Atlas\website\tests\public-release.test.mjs"/>
	<testcase name="mail-r2-compatibility bewaart de WBD virtual-host en accepteert het bewezen R2-contract" time="0.042124" classname="test" file="C:\Users\donov\.codex\worktrees\22c9\Atlas\website\tests\release-engine-smoke-adapters.test.mjs"/>
	<testcase name="mail-runtime blijft strikt en accepteert het oudere R2-healthcontract niet als candidate-runtime" time="0.010765" classname="test" file="C:\Users\donov\.codex\worktrees\22c9\Atlas\website\tests\release-engine-smoke-adapters.test.mjs"/>
	<testcase name="mail-runtime accepteert uitsluitend het volledige candidate Mail-contract" time="0.005987" classname="test" file="C:\Users\donov\.codex\worktrees\22c9\Atlas\website\tests\release-engine-smoke-adapters.test.mjs"/>
	<testcase name="een echte ontbrekende smoke-route blijft fail-closed als SMOKE_HTTP_FAIL" time="0.007105" classname="test" file="C:\Users\donov\.codex\worktrees\22c9\Atlas\website\tests\release-engine-smoke-adapters.test.mjs"/>
	<testcase name="centrale immutable tag wordt inclusief annotated-tag peeling opgelost" time="0.002304" classname="test" file="C:\Users\donov\.codex\worktrees\22c9\Atlas\website\tests\release-provenance.test.mjs"/>
	<testcase name="ontbrekende of afwijkende centrale source-tag faalt gesloten" time="0.000851" classname="test" file="C:\Users\donov\.codex\worktrees\22c9\Atlas\website\tests\release-provenance.test.mjs"/>
	<testcase name="release is alleen deployable met centrale source, integer artifact en integer rollbackartifact" time="0.001773" classname="test" file="C:\Users\donov\.codex\worktrees\22c9\Atlas\website\tests\release-provenance.test.mjs"/>
	<testcase name="ontbrekend rollbackartifact faalt gesloten" time="0.000344" classname="test" file="C:\Users\donov\.codex\worktrees\22c9\Atlas\website\tests\release-provenance.test.mjs"/>
	<testcase name="afwijkende artifacthash en niet-recoverable source falen gesloten" time="0.000358" classname="test" file="C:\Users\donov\.codex\worktrees\22c9\Atlas\website\tests\release-provenance.test.mjs"/>
	<testcase name="ontbrekende build- en assetprovenance faalt gesloten" time="0.000377" classname="test" file="C:\Users\donov\.codex\worktrees\22c9\Atlas\website\tests\release-provenance.test.mjs"/>
	<testcase name="audit actor separates canonical machine identity from human Unicode display name" time="0.006108" classname="test" file="C:\Users\donov\.codex\worktrees\22c9\Atlas\website\tests\release-recovery-engine-v1.test.mjs"/>
	<testcase name="audit actor fails closed for missing or display-text machine identities" time="0.000776" classname="test" file="C:\Users\donov\.codex\worktrees\22c9\Atlas\website\tests\release-recovery-engine-v1.test.mjs"/>
	<testcase name="side-effect counter boundary accepteert uitsluitend deterministische serialized JSON en exact schema" time="0.001006" classname="test" file="C:\Users\donov\.codex\worktrees\22c9\Atlas\website\tests\release-recovery-engine-v1.test.mjs"/>
	<testcase name="Mail control state normaliseert driver-object en serialized JSON zonder object-string coercion" time="0.000725" classname="test" file="C:\Users\donov\.codex\worktrees\22c9\Atlas\website\tests\release-recovery-engine-v1.test.mjs"/>
	<testcase name="release contract locks Web Push identity, forward-only baseline and four additive migrations" time="0.004399" classname="test" file="C:\Users\donov\.codex\worktrees\22c9\Atlas\website\tests\release-recovery-engine-v1.test.mjs"/>
	<testcase name="real immutable Web Push artifact, manifest and migration files match the release contract" time="0.013294" classname="test" file="C:\Users\donov\.codex\worktrees\22c9\Atlas\website\tests\release-recovery-engine-v1.test.mjs" failure="ENOENT: no such file or directory, open 'C:\Users\donov\.codex\worktrees\22c9\Atlas\release\WBD-MAIL-WEB-PUSH-RUNTIME-RECOVERY-R2-20260826.tar.gz'">
		<failure type="testCodeFailure" message="ENOENT: no such file or directory, open 'C:\Users\donov\.codex\worktrees\22c9\Atlas\release\WBD-MAIL-WEB-PUSH-RUNTIME-RECOVERY-R2-20260826.tar.gz'">
[Error [ERR_TEST_FAILURE]: ENOENT: no such file or directory, open 'C:\Users\donov\.codex\worktrees\22c9\Atlas\release\WBD-MAIL-WEB-PUSH-RUNTIME-RECOVERY-R2-20260826.tar.gz'] {
  code: 'ERR_TEST_FAILURE',
  failureType: 'testCodeFailure',
  cause: Error: ENOENT: no such file or directory, open 'C:\Users\donov\.codex\worktrees\22c9\Atlas\release\WBD-MAIL-WEB-PUSH-RUNTIME-RECOVERY-R2-20260826.tar.gz'
      at async open (node:internal/fs/promises:640:25)
      at async readFile (node:internal/fs/promises:1290:14)
      at async TestContext.&lt;anonymous> (file:///C:/Users/donov/.codex/worktrees/22c9/Atlas/website/tests/release-recovery-engine-v1.test.mjs:104:20)
      at async Test.run (node:internal/test_runner/test:1332:7)
      at async Test.processPendingSubtests (node:internal/test_runner/test:911:7) {
    errno: -4058,
    code: 'ENOENT',
    syscall: 'open',
    path: 'C:\\Users\\donov\\.codex\\worktrees\\22c9\\Atlas\\release\\WBD-MAIL-WEB-PUSH-RUNTIME-RECOVERY-R2-20260826.tar.gz'
  }
}
		</failure>
	</testcase>
	<testcase name="release contract rejects arbitrary switch/restart operations and unsafe paths" time="0.001611" classname="test" file="C:\Users\donov\.codex\worktrees\22c9\Atlas\website\tests\release-recovery-engine-v1.test.mjs"/>
	<testcase name="pre-switch databackfill is allowlisted, database-bound, quiesced and hash-verifying" time="0.001913" classname="test" file="C:\Users\donov\.codex\worktrees\22c9\Atlas\website\tests\release-recovery-engine-v1.test.mjs"/>
	<testcase name="afzonderlijke Owner-domeinbackfill gebruikt dezelfde begrensde brokergrens" time="0.000940" classname="test" file="C:\Users\donov\.codex\worktrees\22c9\Atlas\website\tests\release-recovery-engine-v1.test.mjs"/>
	<testcase name="schema inspector SQL is pure read-only and status cannot create the ledger" time="0.001413" classname="test" file="C:\Users\donov\.codex\worktrees\22c9\Atlas\website\tests\release-recovery-engine-v1.test.mjs"/>
	<testcase name="environment contract resolves tested legacy migrator aliases without exposing values" time="0.001901" classname="test" file="C:\Users\donov\.codex\worktrees\22c9\Atlas\website\tests\release-recovery-engine-v1.test.mjs"/>
	<testcase name="environment inspection blocks missing keys and wrong secret permissions" time="0.002292" classname="test" file="C:\Users\donov\.codex\worktrees\22c9\Atlas\website\tests\release-recovery-engine-v1.test.mjs"/>
	<testcase name="diagnostics redact credentials but preserve useful commit/checksum evidence" time="0.000392" classname="test" file="C:\Users\donov\.codex\worktrees\22c9\Atlas\website\tests\release-recovery-engine-v1.test.mjs"/>
	<testcase name="schema comparator catches collisions while allowing MariaDB implicit JSON checks" time="0.015010" classname="test" file="C:\Users\donov\.codex\worktrees\22c9\Atlas\website\tests\release-recovery-engine-v1.test.mjs"/>
	<testcase name="new tables are pending, not missing failures" time="0.001619" classname="test" file="C:\Users\donov\.codex\worktrees\22c9\Atlas\website\tests\release-recovery-engine-v1.test.mjs"/>
	<testcase name="missing migration ledger is a schema blocker and additive SQL classification is enforced" time="0.001723" classname="test" file="C:\Users\donov\.codex\worktrees\22c9\Atlas\website\tests\release-recovery-engine-v1.test.mjs"/>
	<testcase name="existing exact unledgered schema is blocked instead of silently registered" time="0.002815" classname="test" file="C:\Users\donov\.codex\worktrees\22c9\Atlas\website\tests\release-recovery-engine-v1.test.mjs"/>
	<testcase name="partial migration and ledger checksum mismatch are schema collisions" time="0.001486" classname="test" file="C:\Users\donov\.codex\worktrees\22c9\Atlas\website\tests\release-recovery-engine-v1.test.mjs"/>
	<testcase name="missing migration file fails before database access" time="0.015697" classname="test" file="C:\Users\donov\.codex\worktrees\22c9\Atlas\website\tests\release-recovery-engine-v1.test.mjs"/>
	<testcase name="known engine intent resumes exact unledgered DDL state and only completes ledger" time="0.027853" classname="test" file="C:\Users\donov\.codex\worktrees\22c9\Atlas\website\tests\release-recovery-engine-v1.test.mjs"/>
	<testcase name="destructive migration is outside normal Human GO" time="0.001481" classname="test" file="C:\Users\donov\.codex\worktrees\22c9\Atlas\website\tests\release-recovery-engine-v1.test.mjs"/>
	<testcase name="backup readiness requires checksum, database scopes, fresh restore proof and entrypoint" time="0.001283" classname="test" file="C:\Users\donov\.codex\worktrees\22c9\Atlas\website\tests\release-recovery-engine-v1.test.mjs"/>
	<testcase name="append-only audit chain detects mutation" time="0.001813" classname="test" file="C:\Users\donov\.codex\worktrees\22c9\Atlas\website\tests\release-recovery-engine-v1.test.mjs"/>
	<testcase name="happy prepare ends at one compact AWAITING_HUMAN_GO boundary" time="0.006100" classname="test" file="C:\Users\donov\.codex\worktrees\22c9\Atlas\website\tests\release-recovery-engine-v1.test.mjs"/>
	<testcase name="activation runs the immutable databackfill after additive migrations and before switch" time="0.034876" classname="test" file="C:\Users\donov\.codex\worktrees\22c9\Atlas\website\tests\release-recovery-engine-v1.test.mjs"/>
	<testcase name="pre-switch failure after quiesced backfill restarts the unchanged baseline" time="0.011720" classname="test" file="C:\Users\donov\.codex\worktrees\22c9\Atlas\website\tests\release-recovery-engine-v1.test.mjs"/>
	<testcase name="resolved prepare diagnostics remain in audit but not as current Owner blocker" time="0.006488" classname="test" file="C:\Users\donov\.codex\worktrees\22c9\Atlas\website\tests\release-recovery-engine-v1.test.mjs"/>
	<testcase name="blocked immutable plan is preserved and superseded by a freshly locked prepare" time="0.009042" classname="test" file="C:\Users\donov\.codex\worktrees\22c9\Atlas\website\tests\release-recovery-engine-v1.test.mjs"/>
	<testcase name="filesystem plan supersession archives exact prior bytes without rewriting them" time="0.018475" classname="test" file="C:\Users\donov\.codex\worktrees\22c9\Atlas\website\tests\release-recovery-engine-v1.test.mjs"/>
	<testcase name="audit diagnostics with undefined metadata remain verifiable after JSON persistence" time="0.016621" classname="test" file="C:\Users\donov\.codex\worktrees\22c9\Atlas\website\tests\release-recovery-engine-v1.test.mjs"/>
	<testcase name="schema snapshot retry reuses exact evidence and blocks a collision" time="0.008582" classname="test" file="C:\Users\donov\.codex\worktrees\22c9\Atlas\website\tests\release-recovery-engine-v1.test.mjs"/>
	<testcase name="legacy undefined audit mismatch is recovered only with checksum and immutable source evidence" time="0.026312" classname="test" file="C:\Users\donov\.codex\worktrees\22c9\Atlas\website\tests\release-recovery-engine-v1.test.mjs"/>
	<testcase name="privileged current inspection vergelijkt symlink, manifest en env zonder secretoutput" time="0.064329" classname="test" file="C:\Users\donov\.codex\worktrees\22c9\Atlas\website\tests\release-recovery-engine-v1.test.mjs"/>
	<testcase name="privileged push-counter inspectie levert hetzelfde gevalideerde contract voor DB-object en serialized state" time="0.013815" classname="test" file="C:\Users\donov\.codex\worktrees\22c9\Atlas\website\tests\release-recovery-engine-v1.test.mjs"/>
	<testcase name="legacy staging krijgt de gedeelde lock zonder self-deadlock en drift daarna blokkeert" time="0.003550" classname="test" file="C:\Users\donov\.codex\worktrees\22c9\Atlas\website\tests\release-recovery-engine-v1.test.mjs"/>
	<testcase name="baseline drift blocks before staging" time="0.001233" classname="test" file="C:\Users\donov\.codex\worktrees\22c9\Atlas\website\tests\release-recovery-engine-v1.test.mjs"/>
	<testcase name="corrupt artifact blocks before any mutation" time="0.001122" classname="test" file="C:\Users\donov\.codex\worktrees\22c9\Atlas\website\tests\release-recovery-engine-v1.test.mjs"/>
	<testsuite name="missing environment and missing secret fail closed" time="0.006913" disabled="0" errors="0" tests="2" failures="0" skipped="0" hostname="Donovan">
		<testcase name="missing environment" time="0.004680" classname="test" file="C:\Users\donov\.codex\worktrees\22c9\Atlas\website\tests\release-recovery-engine-v1.test.mjs"/>
		<testcase name="missing secret" time="0.001678" classname="test" file="C:\Users\donov\.codex\worktrees\22c9\Atlas\website\tests\release-recovery-engine-v1.test.mjs"/>
	</testsuite>
	<testcase name="database unavailable is classified with component and safe retry" time="0.001290" classname="test" file="C:\Users\donov\.codex\worktrees\22c9\Atlas\website\tests\release-recovery-engine-v1.test.mjs"/>
	<testcase name="restart readiness verdraagt begrensd connection-refused tijdens startup en wordt daarna PASS" time="0.000474" classname="test" file="C:\Users\donov\.codex\worktrees\22c9\Atlas\website\tests\release-recovery-engine-v1.test.mjs"/>
	<testcase name="restart readiness blijft fail-closed na de begrensde startupperiode" time="0.000298" classname="test" file="C:\Users\donov\.codex\worktrees\22c9\Atlas\website\tests\release-recovery-engine-v1.test.mjs"/>
	<testcase name="rollback restart bewaart authorized plan identity en scheidt de runtime target identity" time="0.001023" classname="test" file="C:\Users\donov\.codex\worktrees\22c9\Atlas\website\tests\release-recovery-engine-v1.test.mjs"/>
	<testcase name="Linux platform maps the locked pre-switch backfill to one broker operation" time="0.000791" classname="test" file="C:\Users\donov\.codex\worktrees\22c9\Atlas\website\tests\release-recovery-engine-v1.test.mjs"/>
	<testcase name="production post-migration verifier uses only the privileged read-only inspector" time="0.000865" classname="test" file="C:\Users\donov\.codex\worktrees\22c9\Atlas\website\tests\release-recovery-engine-v1.test.mjs"/>
	<testcase name="production post-migration verifier fails closed on broker permission denial" time="0.000532" classname="test" file="C:\Users\donov\.codex\worktrees\22c9\Atlas\website\tests\release-recovery-engine-v1.test.mjs"/>
	<testcase name="production post-migration verifier distinguishes fully applied and partial migration state" time="0.000657" classname="test" file="C:\Users\donov\.codex\worktrees\22c9\Atlas\website\tests\release-recovery-engine-v1.test.mjs"/>
	<testsuite name="schema collision and unavailable backup block prepare" time="0.002731" disabled="0" errors="0" tests="2" failures="0" skipped="0" hostname="Donovan">
		<testcase name="schema collision" time="0.001194" classname="test" file="C:\Users\donov\.codex\worktrees\22c9\Atlas\website\tests\release-recovery-engine-v1.test.mjs"/>
		<testcase name="backup unavailable" time="0.001235" classname="test" file="C:\Users\donov\.codex\worktrees\22c9\Atlas\website\tests\release-recovery-engine-v1.test.mjs"/>
	</testsuite>
	<testcase name="full GO applies migrations, switches once, verifies and marks LIVE" time="0.025881" classname="test" file="C:\Users\donov\.codex\worktrees\22c9\Atlas\website\tests\release-recovery-engine-v1.test.mjs"/>
	<testcase name="duplicate GO after LIVE is idempotent and never restarts twice" time="0.016042" classname="test" file="C:\Users\donov\.codex\worktrees\22c9\Atlas\website\tests\release-recovery-engine-v1.test.mjs"/>
	<testcase name="restart fail triggers automatic rollback and rollback smokes" time="0.013569" classname="test" file="C:\Users\donov\.codex\worktrees\22c9\Atlas\website\tests\release-recovery-engine-v1.test.mjs"/>
	<testcase name="readiness timeout triggers automatic rollback and rollback smokes" time="0.015529" classname="test" file="C:\Users\donov\.codex\worktrees\22c9\Atlas\website\tests\release-recovery-engine-v1.test.mjs"/>
	<testcase name="Workspace smoke fail triggers automatic rollback and rollback smokes" time="0.015003" classname="test" file="C:\Users\donov\.codex\worktrees\22c9\Atlas\website\tests\release-recovery-engine-v1.test.mjs"/>
	<testcase name="Mail smoke fail triggers automatic rollback and rollback smokes" time="0.018727" classname="test" file="C:\Users\donov\.codex\worktrees\22c9\Atlas\website\tests\release-recovery-engine-v1.test.mjs"/>
	<testcase name="feature smoke fail triggers automatic rollback and rollback smokes" time="0.022483" classname="test" file="C:\Users\donov\.codex\worktrees\22c9\Atlas\website\tests\release-recovery-engine-v1.test.mjs"/>
	<testcase name="automatic rollback na readiness failure voltooit restart, readiness en rollback-smokes" time="0.013726" classname="test" file="C:\Users\donov\.codex\worktrees\22c9\Atlas\website\tests\release-recovery-engine-v1.test.mjs"/>
	<testcase name="unexpected push/subscription side effect triggers rollback" time="0.021922" classname="test" file="C:\Users\donov\.codex\worktrees\22c9\Atlas\website\tests\release-recovery-engine-v1.test.mjs"/>
	<testcase name="rollback failure escalates to BLOCKED with ROLLBACK diagnostic" time="0.013395" classname="test" file="C:\Users\donov\.codex\worktrees\22c9\Atlas\website\tests\release-recovery-engine-v1.test.mjs"/>
	<testcase name="ENVIRONMENT_LOCK blocks WBD prepare while a parallel Sportpaleis release owns production" time="0.002110" classname="test" file="C:\Users\donov\.codex\worktrees\22c9\Atlas\website\tests\release-recovery-engine-v1.test.mjs"/>
	<testcase name="CONCURRENT_RELEASE_PROTECTION rejects the same tenant/app and releases the environment lease" time="0.000657" classname="test" file="C:\Users\donov\.codex\worktrees\22c9\Atlas\website\tests\release-recovery-engine-v1.test.mjs"/>
	<testcase name="BASELINE_DRIFT_RECHECK invalidates a stale plan before migrations or switch" time="0.002654" classname="test" file="C:\Users\donov\.codex\worktrees\22c9\Atlas\website\tests\release-recovery-engine-v1.test.mjs"/>
	<testcase name="STALE_PLAN_INVALIDATION prohibits replay of the old Human GO" time="0.003771" classname="test" file="C:\Users\donov\.codex\worktrees\22c9\Atlas\website\tests\release-recovery-engine-v1.test.mjs"/>
	<testcase name="durable lock recovers only a proven-dead runner PID" time="0.667306" classname="test" file="C:\Users\donov\.codex\worktrees\22c9\Atlas\website\tests\release-recovery-engine-v1.test.mjs"/>
	<testcase name="core remains tenant/app generic for a Sportpaleis candidate" time="0.005103" classname="test" file="C:\Users\donov\.codex\worktrees\22c9\Atlas\website\tests\release-recovery-engine-v1.test.mjs"/>
	<testcase name="runner restart after an uncertain switch automatically rolls back without a second planned restart" time="0.009934" classname="test" file="C:\Users\donov\.codex\worktrees\22c9\Atlas\website\tests\release-recovery-engine-v1.test.mjs"/>
	<testcase name="runner restart preserves BLOCKED without silently retrying prepare" time="0.002124" classname="test" file="C:\Users\donov\.codex\worktrees\22c9\Atlas\website\tests\release-recovery-engine-v1.test.mjs"/>
	<testcase name="Owner Workspace seam exposes summary and requires exact contract hash" time="0.116668" classname="test" file="C:\Users\donov\.codex\worktrees\22c9\Atlas\website\tests\release-recovery-engine-v1.test.mjs"/>
	<testcase name="server-side runner sources contain no SSH, PowerShell or arbitrary shell execution" time="0.001897" classname="test" file="C:\Users\donov\.codex\worktrees\22c9\Atlas\website\tests\release-recovery-engine-v1.test.mjs"/>
	<testcase name="machine identity service is hardened and break-glass is not granted to runner" time="0.007912" classname="test" file="C:\Users\donov\.codex\worktrees\22c9\Atlas\website\tests\release-recovery-engine-v1.test.mjs"/>
	<testcase name="meet vanaf één vast switchmoment door tot drie stabiele kandidaatrondes" time="0.008367" classname="test" file="C:\Users\donov\.codex\worktrees\22c9\Atlas\website\tests\release-validation-activation.test.mjs"/>
	<testcase name="legt DNS, transport, HTTP, hash en assertions per endpoint vast" time="0.037437" classname="test" file="C:\Users\donov\.codex\worktrees\22c9\Atlas\website\tests\release-validation-probe.test.mjs"/>
	<testcase name="weigert een oningevuld releaseprofiel vóór de eerste probe" time="0.000871" classname="test" file="C:\Users\donov\.codex\worktrees\22c9\Atlas\website\tests\release-validation-probe.test.mjs"/>
	<testcase name="classificeert een beperkte runner na één herhaalmeting als lokaal niet bevoegd" time="0.017427" classname="test" file="C:\Users\donov\.codex\worktrees\22c9\Atlas\website\tests\release-validation-probe.test.mjs"/>
	<testcase name="vermindert een tijdelijke lokale false negative met precies één herhaalmeting" time="0.016265" classname="test" file="C:\Users\donov\.codex\worktrees\22c9\Atlas\website\tests\release-validation-probe.test.mjs"/>
	<testcase name="weigert een niet-goedgekeurde context vóórdat een netwerkprobe start" time="0.001061" classname="test" file="C:\Users\donov\.codex\worktrees\22c9\Atlas\website\tests\release-validation-probe.test.mjs"/>
	<testcase name="verklaart preflight alleen switch-eligible met twee onafhankelijke geldige routes" time="0.002097" classname="test" file="C:\Users\donov\.codex\worktrees\22c9\Atlas\website\tests\release-validation.test.mjs"/>
	<testcase name="classificeert een falende controlehost als Probe invalid" time="0.000409" classname="test" file="C:\Users\donov\.codex\worktrees\22c9\Atlas\website\tests\release-validation.test.mjs"/>
	<testcase name="telt twee rapporten via dezelfde netwerkroute niet als onafhankelijk bewijs" time="0.001107" classname="test" file="C:\Users\donov\.codex\worktrees\22c9\Atlas\website\tests\release-validation.test.mjs"/>
	<testcase name="telt dezelfde netwerkcontext niet als twee onafhankelijke metingen" time="0.000269" classname="test" file="C:\Users\donov\.codex\worktrees\22c9\Atlas\website\tests\release-validation.test.mjs"/>
	<testcase name="weigert een niet-goedgekeurde runnercontext als bewijs" time="0.000402" classname="test" file="C:\Users\donov\.codex\worktrees\22c9\Atlas\website\tests\release-validation.test.mjs"/>
	<testcase name="accepteert EACCES nooit als geldig bewijs of rollbackgrond" time="0.000208" classname="test" file="C:\Users\donov\.codex\worktrees\22c9\Atlas\website\tests\release-validation.test.mjs"/>
	<testcase name="rolt niet terug bij een enkelvoudige transportfout" time="0.000203" classname="test" file="C:\Users\donov\.codex\worktrees\22c9\Atlas\website\tests\release-validation.test.mjs"/>
	<testcase name="classificeert bevestigde onbereikbaarheid als Production failed" time="0.000166" classname="test" file="C:\Users\donov\.codex\worktrees\22c9\Atlas\website\tests\release-validation.test.mjs"/>
	<testcase name="weigert directe post-switch-evaluatie buiten de activatielaag" time="0.001498" classname="test" file="C:\Users\donov\.codex\worktrees\22c9\Atlas\website\tests\release-validation.test.mjs"/>
	<testcase name="houdt strijdig geldig bewijs tegen als Validation failed" time="0.000349" classname="test" file="C:\Users\donov\.codex\worktrees\22c9\Atlas\website\tests\release-validation.test.mjs"/>
	<testcase name="weigert verouderd bewijs als Probe invalid" time="0.000232" classname="test" file="C:\Users\donov\.codex\worktrees\22c9\Atlas\website\tests\release-validation.test.mjs"/>
	<testcase name="weigert rapporten uit een ander validatieprofiel" time="0.000441" classname="test" file="C:\Users\donov\.codex\worktrees\22c9\Atlas\website\tests\release-validation.test.mjs"/>
	<testcase name="preflight geeft nooit een rollbackadvies" time="0.000313" classname="test" file="C:\Users\donov\.codex\worktrees\22c9\Atlas\website\tests\release-validation.test.mjs"/>
	<testcase name="weigert een te kort observatievenster als Probe invalid" time="0.000235" classname="test" file="C:\Users\donov\.codex\worktrees\22c9\Atlas\website\tests\release-validation.test.mjs"/>
	<testcase name="houdt een bevestigde vorige release binnen het budget op Propagation pending" time="0.002797" classname="test" file="C:\Users\donov\.codex\worktrees\22c9\Atlas\website\tests\release-validation.test.mjs"/>
	<testcase name="behandelt een herkende vorige release met ongeldige HTTP-status niet als gezond" time="0.000553" classname="test" file="C:\Users\donov\.codex\worktrees\22c9\Atlas\website\tests\release-validation.test.mjs"/>
	<testcase name="behandelt een herkende vorige release met falende kritieke gezondheid niet als gezond" time="0.000451" classname="test" file="C:\Users\donov\.codex\worktrees\22c9\Atlas\website\tests\release-validation.test.mjs"/>
	<testcase name="behandelt een herkende vorige release met verboden noindex niet als gezond" time="0.000382" classname="test" file="C:\Users\donov\.codex\worktrees\22c9\Atlas\website\tests\release-validation.test.mjs"/>
	<testcase name="stabiliseert de kandidaat drie volledige rondes voordat Pass volgt" time="0.000986" classname="test" file="C:\Users\donov\.codex\worktrees\22c9\Atlas\website\tests\release-validation.test.mjs"/>
[...]
	<testcase name="owner bridge is expliciet tijdelijk, lokaal en bereikbaar vanuit beide owner-routes" time="0.045494" classname="test" file="C:\Users\donov\.codex\worktrees\22c9\Atlas\website\tests\wbd-owner-workcontext-bridge-v1.test.mjs"/>
	<testcase name="bridge publiceert de legacy workspace niet en raakt browserdata niet" time="0.024706" classname="test" file="C:\Users\donov\.codex\worktrees\22c9\Atlas\website\tests\wbd-owner-workcontext-bridge-v1.test.mjs"/>
	<testcase name="desktop krijgt de lokale actie en mobiel uitsluitend de eerlijke grensmelding" time="0.010488" classname="test" file="C:\Users\donov\.codex\worktrees\22c9\Atlas\website\tests\wbd-owner-workcontext-bridge-v1.test.mjs"/>
	<testcase name="Windows-touchdesktop blijft desktop, onafhankelijk van touch- of pointercapaciteit" time="0.001163" classname="test" file="C:\Users\donov\.codex\worktrees\22c9\Atlas\website\tests\wbd-owner-workcontext-bridge-v1.test.mjs"/>
	<testcase name="iPhone Safari blijft mobiel in portrait en landscape" time="0.001665" classname="test" file="C:\Users\donov\.codex\worktrees\22c9\Atlas\website\tests\wbd-owner-workcontext-bridge-v1.test.mjs"/>
	<testcase name="onbekende desktop blijft standaard desktop" time="0.000311" classname="test" file="C:\Users\donov\.codex\worktrees\22c9\Atlas\website\tests\wbd-owner-workcontext-bridge-v1.test.mjs"/>
	<testcase name="userAgentData.mobile heeft voorrang op de beperkte Safari-fallback" time="0.000260" classname="test" file="C:\Users\donov\.codex\worktrees\22c9\Atlas\website\tests\wbd-owner-workcontext-bridge-v1.test.mjs"/>
	<testcase name="Product Truth valideert lifecycle, roadmap en definitieve-prijsboundary" time="0.009173" classname="test" file="C:\Users\donov\.codex\worktrees\22c9\Atlas\website\tests\wbd-product-truth-harvest.test.mjs"/>
	<testcase name="immutable releases worden gededupliceerd en maken traceerbare Harvest candidates" time="0.012003" classname="test" file="C:\Users\donov\.codex\worktrees\22c9\Atlas\website\tests\wbd-product-truth-harvest.test.mjs"/>
	<testcase name="release evidence projecteert autonoom naar Evidence, Attention, NBA, Harvest en Human GO" time="0.041318" classname="test" file="C:\Users\donov\.codex\worktrees\22c9\Atlas\website\tests\wbd-product-truth-harvest.test.mjs"/>
	<testcase name="Owner-service bootstrapt Product Truth centraal zonder bestaande capabilityrecords te overschrijven" time="0.331579" classname="test" file="C:\Users\donov\.codex\worktrees\22c9\Atlas\website\tests\wbd-product-truth-harvest.test.mjs"/>
	<testcase name="Product Truth en mobile readability blijven tenant-safe en presentatiegericht" time="0.004584" classname="test" file="C:\Users\donov\.codex\worktrees\22c9\Atlas\website\tests\wbd-product-truth-harvest.test.mjs"/>
	<testcase name="Atlas pusht relevante mail en onderdrukt ruis, lage prioriteit en uitgeschakelde mailboxen" time="0.006198" classname="test" file="C:\Users\donov\.codex\worktrees\22c9\Atlas\website\tests\wbd-push-notifications.test.mjs"/>
	<testcase name="lockscreen-payload lekt geen onderwerp, mailtekst, e-mailadres of thread-ID in zichtbare tekst" time="0.000864" classname="test" file="C:\Users\donov\.codex\worktrees\22c9\Atlas\website\tests\wbd-push-notifications.test.mjs"/>
	<testcase name="subscriptions blijven server-side en publieke notification-view redigeert endpoint en keys" time="0.009465" classname="test" file="C:\Users\donov\.codex\worktrees\22c9\Atlas\website\tests\wbd-push-notifications.test.mjs"/>
	<testcase name="ingestion dedupliceert push en disablet verlopen endpoints fail-closed" time="0.017077" classname="test" file="C:\Users\donov\.codex\worktrees\22c9\Atlas\website\tests\wbd-push-notifications.test.mjs"/>
	<testcase name="Web Push transport is prepared zonder credential, fail-closed bij partial config en verstuurt RFC8291 bytes bij complete testconfig" time="0.014792" classname="test" file="C:\Users\donov\.codex\worktrees\22c9\Atlas\website\tests\wbd-push-notifications.test.mjs"/>
	<testcase name="PWA-contract vraagt toestemming alleen na user action en houdt iPhone deep link binnen WBD" time="0.016786" classname="test" file="C:\Users\donov\.codex\worktrees\22c9\Atlas\website\tests\wbd-push-notifications.test.mjs"/>
	<testcase name="review/development principal is default-deny without configured access or Human GO" time="2.474015" classname="test" file="C:\Users\donov\.codex\worktrees\22c9\Atlas\website\tests\wbd-review-developer-access-v1.test.mjs"/>
	<testcase name="only configured Donovan/Human-GO authority can issue an exact scoped, expiring grant" time="6.956705" classname="test" file="C:\Users\donov\.codex\worktrees\22c9\Atlas\website\tests\wbd-review-developer-access-v1.test.mjs"/>
	<testcase name="server-side issuer is loopback-only, secret-bound, revocable and never returns credentials in a URL query" time="3.713831" classname="test" file="C:\Users\donov\.codex\worktrees\22c9\Atlas\website\tests\wbd-review-developer-access-v1.test.mjs"/>
	<testcase name="tampered, tenant-switched and replayed bootstrap credentials fail closed" time="0.002102" classname="test" file="C:\Users\donov\.codex\worktrees\22c9\Atlas\website\tests\wbd-review-developer-access-v1.test.mjs"/>
	<testcase name="concurrent Codex runs receive distinct isolated principals and sessions" time="4.744341" classname="test" file="C:\Users\donov\.codex\worktrees\22c9\Atlas\website\tests\wbd-review-developer-access-v1.test.mjs"/>
	<testcase name="Codex logs in independently with one-time handoff and receives read-only Candidate view" time="4.038283" classname="test" file="C:\Users\donov\.codex\worktrees\22c9\Atlas\website\tests\wbd-review-developer-access-v1.test.mjs"/>
	<testcase name="central request guard fails closed outside exact read-only scope and audit records allow/deny" time="4.800828" classname="test" file="C:\Users\donov\.codex\worktrees\22c9\Atlas\website\tests\wbd-review-developer-access-v1.test.mjs"/>
	<testcase name="herhaalde verlopen reviewpolls blijven business-state-neutraal zonder revision-storm" time="3.531840" classname="test" file="C:\Users\donov\.codex\worktrees\22c9\Atlas\website\tests\wbd-review-developer-access-v1.test.mjs"/>
	<testcase name="normale Workspace-polling blijft via de echte HTTP-route revision- en auditneutraal" time="26.973571" classname="test" file="C:\Users\donov\.codex\worktrees\22c9\Atlas\website\tests\wbd-review-developer-access-v1.test.mjs"/>
	<testcase name="R2.26.41 — frozen cached state blijft read-only voor normale en tijdelijke sessieroutes" time="3.216451" classname="test" file="C:\Users\donov\.codex\worktrees\22c9\Atlas\website\tests\wbd-review-developer-access-v1.test.mjs"/>
	<testcase name="R2.26.43 — bootstrapbytes coalescen per revision, tenant, sessie en access-scope" time="6.901350" classname="test" file="C:\Users\donov\.codex\worktrees\22c9\Atlas\website\tests\wbd-review-developer-access-v1.test.mjs"/>
	<testcase name="R2.26.41 — begrensde soak houdt frozen 22-MB-state, sessies en previews stabiel" time="3.179000" classname="test" file="C:\Users\donov\.codex\worktrees\22c9\Atlas\website\tests\wbd-review-developer-access-v1.test.mjs"/>
	<!-- {"durationMs":1000,"operations":140,"maxEventLoopLagMs":92.1,"heapGrowthBytes":20628640,"datastoreWrites":0} -->
	<testcase name="safe-interact is limited to an explicit allowlist and disposable candidate state" time="4.549619" classname="test" file="C:\Users\donov\.codex\worktrees\22c9\Atlas\website\tests\wbd-review-developer-access-v1.test.mjs"/>
	<testcase name="TTL, explicit revocation and logout invalidate all temporary access" time="4.226381" classname="test" file="C:\Users\donov\.codex\worktrees\22c9\Atlas\website\tests\wbd-review-developer-access-v1.test.mjs"/>
	<testcase name="runtime contract is explicit, canonical and fail-closed" time="0.001126" classname="test" file="C:\Users\donov\.codex\worktrees\22c9\Atlas\website\tests\wbd-review-developer-access-v1.test.mjs"/>
	<testcase name="browser handoff is fragment-only and server routes preserve the single read-only boundary" time="0.006405" classname="test" file="C:\Users\donov\.codex\worktrees\22c9\Atlas\website\tests\wbd-review-developer-access-v1.test.mjs"/>
	<testcase name="real HTTP activation creates an independent secure cookie session and rejects a write before routing" time="12.384984" classname="test" file="C:\Users\donov\.codex\worktrees\22c9\Atlas\website\tests\wbd-review-developer-access-v1.test.mjs"/>
	<testcase name="real HTTP safe-interact mutates only disposable Candidate state and preserves the ephemeral principal boundary" time="4.409140" classname="test" file="C:\Users\donov\.codex\worktrees\22c9\Atlas\website\tests\wbd-review-developer-access-v1.test.mjs"/>
	<testcase name="generieke Candidate blijft tenantneutraal en roept geen ongevraagde productvalidator aan" time="0.203074" classname="test" file="C:\Users\donov\.codex\worktrees\22c9\Atlas\website\tests\wbd-tenant-neutral-review-boundary-r220.test.mjs"/>
	<testcase name="Sportpaleis Candidate met exacte production assets en context passeert dezelfde strenge grens" time="0.241222" classname="test" file="C:\Users\donov\.codex\worktrees\22c9\Atlas\website\tests\wbd-tenant-neutral-review-boundary-r220.test.mjs"/>
	<testcase name="Sportpaleis Candidate zonder Spain asset faalt gesloten" time="0.077696" classname="test" file="C:\Users\donov\.codex\worktrees\22c9\Atlas\website\tests\wbd-tenant-neutral-review-boundary-r220.test.mjs"/>
	<testcase name="verkeerde productspecifieke assetset faalt gesloten" time="0.196123" classname="test" file="C:\Users\donov\.codex\worktrees\22c9\Atlas\website\tests\wbd-tenant-neutral-review-boundary-r220.test.mjs"/>
	<testcase name="Sportpaleis validator faalt buiten zijn tenant/application-context" time="0.287223" classname="test" file="C:\Users\donov\.codex\worktrees\22c9\Atlas\website\tests\wbd-tenant-neutral-review-boundary-r220.test.mjs"/>
	<testcase name="vereiste productspecifieke validator ontbreekt nooit stil" time="0.269908" classname="test" file="C:\Users\donov\.codex\worktrees\22c9\Atlas\website\tests\wbd-tenant-neutral-review-boundary-r220.test.mjs"/>
	<testcase name="generieke reviewmodules importeren of benoemen geen Sportpaleis-productdependency" time="0.009118" classname="test" file="C:\Users\donov\.codex\worktrees\22c9\Atlas\website\tests\wbd-tenant-neutral-review-boundary-r220.test.mjs"/>
	<testcase name="sluit 001A officieel als GO af zonder toekomstige automatisering toe te voegen" time="0.003299" classname="test" file="C:\Users\donov\.codex\worktrees\22c9\Atlas\website\tests\wbd-workspace-foundation-001b.test.mjs"/>
	<testcase name="registreert Sportpaleis uitsluitend met bevestigde ontwikkelpartnercontext" time="0.000558" classname="test" file="C:\Users\donov\.codex\worktrees\22c9\Atlas\website\tests\wbd-workspace-foundation-001b.test.mjs"/>
	<testcase name="sluit 001B en de sync af en houdt Project 002 achter Experience Polish" time="0.002246" classname="test" file="C:\Users\donov\.codex\worktrees\22c9\Atlas\website\tests\wbd-workspace-foundation-001b.test.mjs"/>
	<testcase name="legt de modulevorm en commerciële prijsgrens vast zonder prijzen te bepalen" time="0.000630" classname="test" file="C:\Users\donov\.codex\worktrees\22c9\Atlas\website\tests\wbd-workspace-foundation-001b.test.mjs"/>
	<testcase name="houdt de sync afgesloten en maakt Project 001C actief zonder Project 002 te starten" time="0.000590" classname="test" file="C:\Users\donov\.codex\worktrees\22c9\Atlas\website\tests\wbd-workspace-foundation-001b.test.mjs"/>
	<testcase name="houdt infrastructuur voorbereid zonder connectors of monitoring te bouwen" time="0.000373" classname="test" file="C:\Users\donov\.codex\worktrees\22c9\Atlas\website\tests\wbd-workspace-foundation-001b.test.mjs"/>
	<testcase name="routeert 001B in de bestaande shell en gebruikt facturen als financiële bron" time="0.033860" classname="test" file="C:\Users\donov\.codex\worktrees\22c9\Atlas\website\tests\wbd-workspace-foundation-001b.test.mjs"/>
	<testcase name="configureert Atlas, WBD en Experience als afzonderlijke Workspaces" time="0.003643" classname="test" file="C:\Users\donov\.codex\worktrees\22c9\Atlas\website\tests\workspace-foundation.test.mjs"/>
	<testcase name="biedt de actuele WBD Foundation-routes in een rustige hoofdstructuur" time="0.001625" classname="test" file="C:\Users\donov\.codex\worktrees\22c9\Atlas\website\tests\workspace-foundation.test.mjs"/>
	<testcase name="geeft een onbekende WBD-route geen foutverbergende actieve navigatie" time="0.000424" classname="test" file="C:\Users\donov\.codex\worktrees\22c9\Atlas\website\tests\workspace-foundation.test.mjs"/>
	<testcase name="routeert WBD intern en hergebruikt in beide Workspaces dezelfde shell" time="0.019047" classname="test" file="C:\Users\donov\.codex\worktrees\22c9\Atlas\website\tests\workspace-foundation.test.mjs"/>
	<testcase name="quota-exception blijft niet-kritiek en lekt geen browserfout uit de cacheboundary" time="0.003480" classname="test" file="C:\Users\donov\.codex\worktrees\22c9\Atlas\website\tests\workspace-readonly-cache.test.mjs"/>
	<testcase name="te grote fallback wordt vóór setItem overgeslagen" time="0.000770" classname="test" file="C:\Users\donov\.codex\worktrees\22c9\Atlas\website\tests\workspace-readonly-cache.test.mjs"/>
	<testcase name="alleen eigen oude cacheversies worden opgeruimd en de actuele bounded waarde blijft" time="0.000667" classname="test" file="C:\Users\donov\.codex\worktrees\22c9\Atlas\website\tests\workspace-readonly-cache.test.mjs"/>
	<testcase name="corrupte of semantisch ongeldige cache wordt verwijderd" time="0.000795" classname="test" file="C:\Users\donov\.codex\worktrees\22c9\Atlas\website\tests\workspace-readonly-cache.test.mjs"/>
	<testcase name="ontbrekende of geblokkeerde Storage API houdt de online app bruikbaar" time="0.000528" classname="test" file="C:\Users\donov\.codex\worktrees\22c9\Atlas\website\tests\workspace-readonly-cache.test.mjs"/>
	<testcase name="ook falende observability kan auth/bootstrap nooit blokkeren" time="0.000387" classname="test" file="C:\Users\donov\.codex\worktrees\22c9\Atlas\website\tests\workspace-readonly-cache.test.mjs"/>
	<testcase name="de dedicated Sportpaleis-host resolveert root en korte routes naar Sportpaleis" time="0.001843" classname="test" file="C:\Users\donov\.codex\worktrees\22c9\Atlas\website\tests\workspace-route-resolution.test.mjs"/>
	<testcase name="de bestaande lange Sportpaleis-route blijft hostonafhankelijk werken" time="0.000318" classname="test" file="C:\Users\donov\.codex\worktrees\22c9\Atlas\website\tests\workspace-route-resolution.test.mjs"/>
	<testcase name="andere hosts en Workspace-routes worden niet stil Sportpaleis" time="0.000190" classname="test" file="C:\Users\donov\.codex\worktrees\22c9\Atlas\website\tests\workspace-route-resolution.test.mjs"/>
	<testcase name="een onbekende route op de dedicated host blijft binnen de Sportpaleis-appgrens voor haar fail-closed 404" time="0.000169" classname="test" file="C:\Users\donov\.codex\worktrees\22c9\Atlas\website\tests\workspace-route-resolution.test.mjs"/>
	<testcase name="iedere canonieke WBD-route resolveert expliciet in browser en Node-runtime" time="0.003708" classname="test" file="C:\Users\donov\.codex\worktrees\22c9\Atlas\website\tests\workspace-routing.test.mjs"/>
	<testcase name="aliases canonicaliseren zonder schermidentiteit uit clickstate of storage" time="0.001629" classname="test" file="C:\Users\donov\.codex\worktrees\22c9\Atlas\website\tests\workspace-routing.test.mjs"/>
	<testcase name="unknown en malformed routes blijven expliciet fout en renderen niet als Home" time="0.000919" classname="test" file="C:\Users\donov\.codex\worktrees\22c9\Atlas\website\tests\workspace-routing.test.mjs"/>
	<testcase name="de dagelijkse Mail-, Webshop- en beheerroutes zijn expliciete HTTP 200-routes" time="0.000288" classname="test" file="C:\Users\donov\.codex\worktrees\22c9\Atlas\website\tests\workspace-routing.test.mjs"/>
	<testcase name="organisatie- en focusroutes dragen stabiele context en actieve Organisaties-state" time="0.000543" classname="test" file="C:\Users\donov\.codex\worktrees\22c9\Atlas\website\tests\workspace-routing.test.mjs"/>
	<testcase name="page titles en browserhistorie hebben één route-driven contract" time="0.009836" classname="test" file="C:\Users\donov\.codex\worktrees\22c9\Atlas\website\tests\workspace-routing.test.mjs"/>
	<testcase name="public, Experience, WBD-owner en Sportpaleis entrypoints blijven afzonderlijk" time="0.003360" classname="test" file="C:\Users\donov\.codex\worktrees\22c9\Atlas\website\tests\workspace-routing.test.mjs"/>
	<testcase name="productionconfig faalt vroeg en houdt toekomstige secrets buiten het resultaat" time="0.003761" classname="test" file="C:\Users\donov\.codex\worktrees\22c9\Atlas\website\tests\workspace-runtime.test.mjs"/>
	<testcase name="health/readiness en documentrouting zijn klein, gescheiden en HTTP-correct" time="0.391306" classname="test" file="C:\Users\donov\.codex\worktrees\22c9\Atlas\website\tests\workspace-runtime.test.mjs"/>
	<testcase name="dedicated Sportpaleis-host gebruikt korte routes en redirect oude links met query" time="0.078726" classname="test" file="C:\Users\donov\.codex\worktrees\22c9\Atlas\website\tests\workspace-runtime.test.mjs"/>
	<testcase name="Creative Studio pilotboundary weigert directe en legacy routes vóór de SPA wordt geserveerd" time="0.063870" classname="test" file="C:\Users\donov\.codex\worktrees\22c9\Atlas\website\tests\workspace-runtime.test.mjs"/>
	<testcase name="een sequentiële workflow heeft exact één huidige onvoltooide stap" time="0.001525" classname="test" file="C:\Users\donov\.codex\worktrees\22c9\Atlas\website\tests\workspace-sequence.test.mjs"/>
	<testcase name="onbekende workflowstappen falen gesloten" time="0.000380" classname="test" file="C:\Users\donov\.codex\worktrees\22c9\Atlas\website\tests\workspace-sequence.test.mjs"/>
	<testcase name="Sportpaleis runtime gebruikt domeinrecords en niet langer de legacy monolith store" time="0.029870" classname="test" file="C:\Users\donov\.codex\worktrees\22c9\Atlas\website\tests\workspace-state-architecture-impact.test.mjs"/>
	<testcase name="Owner Workspace deelt niet de Sportpaleis-state en gebruikt een afzonderlijke domeincandidate" time="0.003298" classname="test" file="C:\Users\donov\.codex\worktrees\22c9\Atlas\website\tests\workspace-state-architecture-impact.test.mjs"/>
	<testcase name="architectuurcontract houdt Owner-cutover in een afzonderlijke release" time="0.003036" classname="test" file="C:\Users\donov\.codex\worktrees\22c9\Atlas\website\tests\workspace-state-architecture-impact.test.mjs"/>
	<testcase name="de mobiele shell heeft vijf zichtbare configureerbare hoofdbestemmingen" time="0.003725" classname="test" file="C:\Users\donov\.codex\worktrees\22c9\Atlas\website\tests\workspace-visual-foundation.test.mjs"/>
	<testcase name="de shell gebruikt herbruikbare iconen en een toegankelijke inhoudssprong" time="0.000558" classname="test" file="C:\Users\donov\.codex\worktrees\22c9\Atlas\website\tests\workspace-visual-foundation.test.mjs"/>
	<testcase name="Experience toont de Workspace-identiteit zonder een misleidende merklink" time="0.000362" classname="test" file="C:\Users\donov\.codex\worktrees\22c9\Atlas\website\tests\workspace-visual-foundation.test.mjs"/>
	<testcase name="de normatieve lichte tokens en responsive grenzen zijn vastgelegd" time="0.000352" classname="test" file="C:\Users\donov\.codex\worktrees\22c9\Atlas\website\tests\workspace-visual-foundation.test.mjs"/>
	<testcase name="Home blijft eerlijk en het dossier toont inhoud vóór invoer" time="0.000693" classname="test" file="C:\Users\donov\.codex\worktrees\22c9\Atlas\website\tests\workspace-visual-foundation.test.mjs"/>
	<!-- tests 1317 -->
	<!-- suites 0 -->
	<!-- pass 1260 -->
	<!-- fail 57 -->
	<!-- cancelled 0 -->
	<!-- skipped 0 -->
	<!-- todo 0 -->
	<!-- duration_ms 312320.4255 -->
</testsuites>
